{"meta": {"format": 3, "version": "7.10.6", "timestamp": "2025-12-02T14:20:54.274297", "branch_coverage": false, "show_contexts": false}, "files": {"src\\control\\fuzzy_control.py": {"executed_lines": [1, 3, 4, 5, 6, 7, 8, 10, 12, 13, 14, 15, 16, 18, 19, 20, 21, 22, 24, 26, 28, 29, 30, 32, 33, 34, 37, 43, 45, 47, 49, 51, 53, 54, 55, 56, 58, 61, 62, 63, 64, 67], "summary": {"covered_lines": 39, "num_statements": 41, "percent_covered": 95.1219512195122, "percent_covered_display": "95.12", "missing_lines": 2, "excluded_lines": 0}, "missing_lines": [69, 70], "excluded_lines": [], "functions": {"FuzzySet.__init__": {"executed_lines": [6, 7, 8], "summary": {"covered_lines": 3, "num_statements": 3, "percent_covered": 100.0, "percent_covered_display": "100.00", "missing_lines": 0, "excluded_lines": 0}, "missing_lines": [], "excluded_lines": []}, "FuzzySet.membership": {"executed_lines": [12, 13, 14, 15, 16], "summary": {"covered_lines": 5, "num_statements": 5, "percent_covered": 100.0, "percent_covered_display": "100.00", "missing_lines": 0, "excluded_lines": 0}, "missing_lines": [], "excluded_lines": []}, "FuzzyRule.__init__": {"executed_lines": [21, 22], "summary": {"covered_lines": 2, "num_statements": 2, "percent_covered": 100.0, "percent_covered_display": "100.00", "missing_lines": 0, "excluded_lines": 0}, "missing_lines": [], "excluded_lines": []}, "FuzzyRule.apply": {"executed_lines": [26], "summary": {"covered_lines": 1, "num_statements": 1, "percent_covered": 100.0, "percent_covered_display": "100.00", "missing_lines": 0, "excluded_lines": 0}, "missing_lines": [], "excluded_lines": []}, "FuzzyController.__init__": {"executed_lines": [32, 33, 34, 37], "summary": {"covered_lines": 4, "num_statements": 4, "percent_covered": 100.0, "percent_covered_display": "100.00", "missing_lines": 0, "excluded_lines": 0}, "missing_lines": [], "excluded_lines": []}, "FuzzyController.fuzzify": {"executed_lines": [45], "summary": {"covered_lines": 1, "num_statements": 1, "percent_covered": 100.0, "percent_covered_display": "100.00", "missing_lines": 0, "excluded_lines": 0}, "missing_lines": [], "excluded_lines": []}, "FuzzyController.inference": {"executed_lines": [49], "summary": {"covered_lines": 1, "num_statements": 1, "percent_covered": 100.0, "percent_covered_display": "100.00", "missing_lines": 0, "excluded_lines": 0}, "missing_lines": [], "excluded_lines": []}, "FuzzyController.defuzzify": {"executed_lines": [53, 54, 55, 56], "summary": {"covered_lines": 4, "num_statements": 4, "percent_covered": 100.0, "percent_covered_display": "100.00", "missing_lines": 0, "excluded_lines": 0}, "missing_lines": [], "excluded_lines": []}, "FuzzyController.compute_timing": {"executed_lines": [61, 62, 63, 64], "summary": {"covered_lines": 4, "num_statements": 4, "percent_covered": 100.0, "percent_covered_display": "100.00", "missing_lines": 0, "excluded_lines": 0}, "missing_lines": [], "excluded_lines": []}, "get_fuzzy_action": {"executed_lines": [], "summary": {"covered_lines": 0, "num_statements": 2, "percent_covered": 0.0, "percent_covered_display": "0.00", "missing_lines": 2, "excluded_lines": 0}, "missing_lines": [69, 70], "excluded_lines": []}, "": {"executed_lines": [1, 3, 4, 5, 10, 18, 19, 20, 24, 28, 29, 30, 43, 47, 51, 58, 67], "summary": {"covered_lines": 14, "num_statements": 14, "percent_covered": 100.0, "percent_covered_display": "100.00", "missing_lines": 0, "excluded_lines": 0}, "missing_lines": [], "excluded_lines": []}}, "classes": {"FuzzySet": {"executed_lines": [6, 7, 8, 12, 13, 14, 15, 16], "summary": {"covered_lines": 8, "num_statements": 8, "percent_covered": 100.0, "percent_covered_display": "100.00", "missing_lines": 0, "excluded_lines": 0}, "missing_lines": [], "excluded_lines": []}, "FuzzyRule": {"executed_lines": [21, 22, 26], "summary": {"covered_lines": 3, "num_statements": 3, "percent_covered": 100.0, "percent_covered_display": "100.00", "missing_lines": 0, "excluded_lines": 0}, "missing_lines": [], "excluded_lines": []}, "FuzzyController": {"executed_lines": [32, 33, 34, 37, 45, 49, 53, 54, 55, 56, 61, 62, 63, 64], "summary": {"covered_lines": 14, "num_statements": 14, "percent_covered": 100.0, "percent_covered_display": "100.00", "missing_lines": 0, "excluded_lines": 0}, "missing_lines": [], "excluded_lines": []}, "": {"executed_lines": [1, 3, 4, 5, 10, 18, 19, 20, 24, 28, 29, 30, 43, 47, 51, 58, 67], "summary": {"covered_lines": 14, "num_statements": 16, "percent_covered": 87.5, "percent_covered_display": "87.50", "missing_lines": 2, "excluded_lines": 0}, "missing_lines": [69, 70], "excluded_lines": []}}}, "src\\control\\webster_method.py": {"executed_lines": [1, 3, 4, 6, 14, 15, 16, 17, 19, 25, 26, 27, 28, 29, 31, 38, 39, 40, 41, 43, 50, 51, 52, 53, 54, 57], "summary": {"covered_lines": 24, "num_statements": 24, "percent_covered": 100.0, "percent_covered_display": "100.00", "missing_lines": 0, "excluded_lines": 6}, "missing_lines": [], "excluded_lines": [57, 58, 59, 60, 61, 62], "functions": {"WebsterMethod.__init__": {"executed_lines": [14, 15, 16, 17], "summary": {"covered_lines": 4, "num_statements": 4, "percent_covered": 100.0, "percent_covered_display": "100.00", "missing_lines": 0, "excluded_lines": 0}, "missing_lines": [], "excluded_lines": []}, "WebsterMethod.calculate_cycle_length": {"executed_lines": [25, 26, 27, 28, 29], "summary": {"covered_lines": 5, "num_statements": 5, "percent_covered": 100.0, "percent_covered_display": "100.00", "missing_lines": 0, "excluded_lines": 0}, "missing_lines": [], "excluded_lines": []}, "WebsterMethod.calculate_green_times": {"executed_lines": [38, 39, 40, 41], "summary": {"covered_lines": 4, "num_statements": 4, "percent_covered": 100.0, "percent_covered_display": "100.00", "missing_lines": 0, "excluded_lines": 0}, "missing_lines": [], "excluded_lines": []}, "WebsterMethod.get_action": {"executed_lines": [50, 51, 52, 53, 54], "summary": {"covered_lines": 5, "num_statements": 5, "percent_covered": 100.0, "percent_covered_display": "100.00", "missing_lines": 0, "excluded_lines": 0}, "missing_lines": [], "excluded_lines": []}, "": {"executed_lines": [1, 3, 4, 6, 19, 31, 43, 57], "summary": {"covered_lines": 6, "num_statements": 6, "percent_covered": 100.0, "percent_covered_display": "100.00", "missing_lines": 0, "excluded_lines": 6}, "missing_lines": [], "excluded_lines": [57, 58, 59, 60, 61, 62]}}, "classes": {"WebsterMethod": {"executed_lines": [14, 15, 16, 17, 25, 26, 27, 28, 29, 38, 39, 40, 41, 50, 51, 52, 53, 54], "summary": {"covered_lines": 18, "num_statements": 18, "percent_covered": 100.0, "percent_covered_display": "100.00", "missing_lines": 0, "excluded_lines": 0}, "missing_lines": [], "excluded_lines": []}, "": {"executed_lines": [1, 3, 4, 6, 19, 31, 43, 57], "summary": {"covered_lines": 6, "num_statements": 6, "percent_covered": 100.0, "percent_covered_display": "100.00", "missing_lines": 0, "excluded_lines": 6}, "missing_lines": [], "excluded_lines": [57, 58, 59, 60, 61, 62]}}}, "src\\forecast\\gnn_forecast.py": {"executed_lines": [], "summary": {"covered_lines": 0, "num_statements": 40, "percent_covered": 0.0, "percent_covered_display": "0.00", "missing_lines": 40, "excluded_lines": 0}, "missing_lines": [1, 2, 3, 5, 7, 8, 9, 10, 12, 13, 15, 17, 18, 19, 21, 23, 24, 25, 26, 27, 28, 29, 30, 32, 35, 36, 37, 38, 39, 40, 41, 44, 46, 47, 48, 49, 50, 52, 54, 57], "excluded_lines": [], "functions": {"GraphConvLayer.__init__": {"executed_lines": [], "summary": {"covered_lines": 0, "num_statements": 3, "percent_covered": 0.0, "percent_covered_display": "0.00", "missing_lines": 3, "excluded_lines": 0}, "missing_lines": [8, 9, 10], "excluded_lines": []}, "GraphConvLayer.build": {"executed_lines": [], "summary": {"covered_lines": 0, "num_statements": 1, "percent_covered": 0.0, "percent_covered_display": "0.00", "missing_lines": 1, "excluded_lines": 0}, "missing_lines": [13], "excluded_lines": []}, "GraphConvLayer.call": {"executed_lines": [], "summary": {"covered_lines": 0, "num_statements": 3, "percent_covered": 0.0, "percent_covered_display": "0.00", "missing_lines": 3, "excluded_lines": 0}, "missing_lines": [17, 18, 19], "excluded_lines": []}, "GNNForecaster.__init__": {"executed_lines": [], "summary": {"covered_lines": 0, "num_statements": 7, "percent_covered": 0.0, "percent_covered_display": "0.00", "missing_lines": 7, "excluded_lines": 0}, "missing_lines": [24, 25, 26, 27, 28, 29, 30], "excluded_lines": []}, "GNNForecaster.call": {"executed_lines": [], "summary": {"covered_lines": 0, "num_statements": 7, "percent_covered": 0.0, "percent_covered_display": "0.00", "missing_lines": 7, "excluded_lines": 0}, "missing_lines": [35, 36, 37, 38, 39, 40, 41], "excluded_lines": []}, "build_adjacency_matrix": {"executed_lines": [], "summary": {"covered_lines": 0, "num_statements": 5, "percent_covered": 0.0, "percent_covered_display": "0.00", "missing_lines": 5, "excluded_lines": 0}, "missing_lines": [46, 47, 48, 49, 50], "excluded_lines": []}, "forecast_traffic": {"executed_lines": [], "summary": {"covered_lines": 0, "num_statements": 1, "percent_covered": 0.0, "percent_covered_display": "0.00", "missing_lines": 1, "excluded_lines": 0}, "missing_lines": [54], "excluded_lines": []}, "": {"executed_lines": [], "summary": {"covered_lines": 0, "num_statements": 13, "percent_covered": 0.0, "percent_covered_display": "0.00", "missing_lines": 13, "excluded_lines": 0}, "missing_lines": [1, 2, 3, 5, 7, 12, 15, 21, 23, 32, 44, 52, 57], "excluded_lines": []}}, "classes": {"GraphConvLayer": {"executed_lines": [], "summary": {"covered_lines": 0, "num_statements": 7, "percent_covered": 0.0, "percent_covered_display": "0.00", "missing_lines": 7, "excluded_lines": 0}, "missing_lines": [8, 9, 10, 13, 17, 18, 19], "excluded_lines": []}, "GNNForecaster": {"executed_lines": [], "summary": {"covered_lines": 0, "num_statements": 14, "percent_covered": 0.0, "percent_covered_display": "0.00", "missing_lines": 14, "excluded_lines": 0}, "missing_lines": [24, 25, 26, 27, 28, 29, 30, 35, 36, 37, 38, 39, 40, 41], "excluded_lines": []}, "": {"executed_lines": [], "summary": {"covered_lines": 0, "num_statements": 19, "percent_covered": 0.0, "percent_covered_display": "0.00", "missing_lines": 19, "excluded_lines": 0}, "missing_lines": [1, 2, 3, 5, 7, 12, 15, 21, 23, 32, 44, 46, 47, 48, 49, 50, 52, 54, 57], "excluded_lines": []}}}, "src\\forecast\\traffic_forecast.py": {"executed_lines": [1, 2, 3, 4, 5, 6, 8, 9, 14, 23, 24, 25, 26, 27, 28, 29, 30, 32, 46, 47, 49, 60, 61, 62, 63, 64, 65, 66, 67, 68, 70, 96, 113, 121, 122], "summary": {"covered_lines": 34, "num_statements": 55, "percent_covered": 61.81818181818182, "percent_covered_display": "61.82", "missing_lines": 21, "excluded_lines": 0}, "missing_lines": [84, 85, 86, 87, 88, 89, 91, 93, 94, 108, 109, 110, 111, 119, 134, 135, 136, 137, 138, 139, 140], "excluded_lines": [], "functions": {"TrafficForecaster.__init__": {"executed_lines": [23, 24, 25, 26, 27, 28, 29, 30], "summary": {"covered_lines": 8, "num_statements": 8, "percent_covered": 100.0, "percent_covered_display": "100.00", "missing_lines": 0, "excluded_lines": 0}, "missing_lines": [], "excluded_lines": []}, "TrafficForecaster._validate_params": {"executed_lines": [46, 47], "summary": {"covered_lines": 2, "num_statements": 2, "percent_covered": 100.0, "percent_covered_display": "100.00", "missing_lines": 0, "excluded_lines": 0}, "missing_lines": [], "excluded_lines": []}, "TrafficForecaster._build_model": {"executed_lines": [60, 61, 62, 63, 64, 65, 66, 67, 68], "summary": {"covered_lines": 9, "num_statements": 9, "percent_covered": 100.0, "percent_covered_display": "100.00", "missing_lines": 0, "excluded_lines": 0}, "missing_lines": [], "excluded_lines": []}, "TrafficForecaster.train": {"executed_lines": [], "summary": {"covered_lines": 0, "num_statements": 9, "percent_covered": 0.0, "percent_covered_display": "0.00", "missing_lines": 9, "excluded_lines": 0}, "missing_lines": [84, 85, 86, 87, 88, 89, 91, 93, 94], "excluded_lines": []}, "TrafficForecaster.predict": {"executed_lines": [], "summary": {"covered_lines": 0, "num_statements": 4, "percent_covered": 0.0, "percent_covered_display": "0.00", "missing_lines": 4, "excluded_lines": 0}, "missing_lines": [108, 109, 110, 111], "excluded_lines": []}, "TrafficForecaster.save": {"executed_lines": [], "summary": {"covered_lines": 0, "num_statements": 1, "percent_covered": 0.0, "percent_covered_display": "0.00", "missing_lines": 1, "excluded_lines": 0}, "missing_lines": [119], "excluded_lines": []}, "TrafficForecaster.load": {"executed_lines": [], "summary": {"covered_lines": 0, "num_statements": 7, "percent_covered": 0.0, "percent_covered_display": "0.00", "missing_lines": 7, "excluded_lines": 0}, "missing_lines": [134, 135, 136, 137, 138, 139, 140], "excluded_lines": []}, "": {"executed_lines": [1, 2, 3, 4, 5, 6, 8, 9, 14, 32, 49, 70, 96, 113, 121, 122], "summary": {"covered_lines": 15, "num_statements": 15, "percent_covered": 100.0, "percent_covered_display": "100.00", "missing_lines": 0, "excluded_lines": 0}, "missing_lines": [], "excluded_lines": []}}, "classes": {"TrafficForecaster": {"executed_lines": [23, 24, 25, 26, 27, 28, 29, 30, 46, 47, 60, 61, 62, 63, 64, 65, 66, 67, 68], "summary": {"covered_lines": 19, "num_statements": 40, "percent_covered": 47.5, "percent_covered_display": "47.50", "missing_lines": 21, "excluded_lines": 0}, "missing_lines": [84, 85, 86, 87, 88, 89, 91, 93, 94, 108, 109, 110, 111, 119, 134, 135, 136, 137, 138, 139, 140], "excluded_lines": []}, "": {"executed_lines": [1, 2, 3, 4, 5, 6, 8, 9, 14, 32, 49, 70, 96, 113, 121, 122], "summary": {"covered_lines": 15, "num_statements": 15, "percent_covered": 100.0, "percent_covered_display": "100.00", "missing_lines": 0, "excluded_lines": 0}, "missing_lines": [], "excluded_lines": []}}}, "src\\monitoring\\logging.py": {"executed_lines": [1, 7, 8, 9, 10, 11, 13, 14, 16, 17, 20, 22, 43, 49, 50, 52, 54, 65, 69, 72, 75, 77, 80, 81, 82, 83, 84, 85, 89], "summary": {"covered_lines": 27, "num_statements": 32, "percent_covered": 84.375, "percent_covered_display": "84.38", "missing_lines": 5, "excluded_lines": 0}, "missing_lines": [15, 24, 66, 70, 78], "excluded_lines": [], "functions": {"setup_structured_logging": {"executed_lines": [22, 43], "summary": {"covered_lines": 2, "num_statements": 3, "percent_covered": 66.66666666666667, "percent_covered_display": "66.67", "missing_lines": 1, "excluded_lines": 0}, "missing_lines": [24], "excluded_lines": []}, "JSONFormatter.format": {"executed_lines": [54, 65, 69, 72], "summary": {"covered_lines": 4, "num_statements": 6, "percent_covered": 66.66666666666667, "percent_covered_display": "66.67", "missing_lines": 2, "excluded_lines": 0}, "missing_lines": [66, 70], "excluded_lines": []}, "get_logger": {"executed_lines": [77, 80, 81, 82, 83, 84, 85], "summary": {"covered_lines": 7, "num_statements": 8, "percent_covered": 87.5, "percent_covered_display": "87.50", "missing_lines": 1, "excluded_lines": 0}, "missing_lines": [78], "excluded_lines": []}, "": {"executed_lines": [1, 7, 8, 9, 10, 11, 13, 14, 16, 17, 20, 49, 50, 52, 75, 89], "summary": {"covered_lines": 14, "num_statements": 15, "percent_covered": 93.33333333333333, "percent_covered_display": "93.33", "missing_lines": 1, "excluded_lines": 0}, "missing_lines": [15], "excluded_lines": []}}, "classes": {"JSONFormatter": {"executed_lines": [54, 65, 69, 72], "summary": {"covered_lines": 4, "num_statements": 6, "percent_covered": 66.66666666666667, "percent_covered_display": "66.67", "missing_lines": 2, "excluded_lines": 0}, "missing_lines": [66, 70], "excluded_lines": []}, "": {"executed_lines": [1, 7, 8, 9, 10, 11, 13, 14, 16, 17, 20, 22, 43, 49, 50, 52, 75, 77, 80, 81, 82, 83, 84, 85, 89], "summary": {"covered_lines": 23, "num_statements": 26, "percent_covered": 88.46153846153847, "percent_covered_display": "88.46", "missing_lines": 3, "excluded_lines": 0}, "missing_lines": [15, 24, 78], "excluded_lines": []}}}, "src\\monitoring\\metrics.py": {"executed_lines": [1, 10, 11, 12, 13, 15, 16, 17, 38, 39, 41, 43, 49, 57, 63, 70, 77, 84, 85, 87, 89, 97, 104, 110, 117, 123, 130, 131, 133, 135, 142, 148, 155, 162, 163, 165, 166, 167, 168, 169, 170, 172, 173, 175, 176, 177, 179, 180, 185, 187, 192, 197, 199, 205, 210, 211, 216, 218, 222, 224, 228, 230, 231, 232, 234, 242, 245, 253], "summary": {"covered_lines": 63, "num_statements": 88, "percent_covered": 71.5909090909091, "percent_covered_display": "71.59", "missing_lines": 25, "excluded_lines": 0}, "missing_lines": [18, 19, 21, 22, 23, 24, 25, 26, 27, 28, 29, 30, 31, 32, 33, 34, 35, 236, 237, 238, 248, 249, 250, 255, 256], "excluded_lines": [], "functions": {"TrafficMetrics.__init__": {"executed_lines": [43, 49, 57, 63, 70, 77], "summary": {"covered_lines": 6, "num_statements": 6, "percent_covered": 100.0, "percent_covered_display": "100.00", "missing_lines": 0, "excluded_lines": 0}, "missing_lines": [], "excluded_lines": []}, "SystemMetrics.__init__": {"executed_lines": [89, 97, 104, 110, 117, 123], "summary": {"covered_lines": 6, "num_statements": 6, "percent_covered": 100.0, "percent_covered_display": "100.00", "missing_lines": 0, "excluded_lines": 0}, "missing_lines": [], "excluded_lines": []}, "BusinessMetrics.__init__": {"executed_lines": [135, 142, 148, 155], "summary": {"covered_lines": 4, "num_statements": 4, "percent_covered": 100.0, "percent_covered_display": "100.00", "missing_lines": 0, "excluded_lines": 0}, "missing_lines": [], "excluded_lines": []}, "MetricsCollector.__init__": {"executed_lines": [166, 167, 168, 169, 170], "summary": {"covered_lines": 5, "num_statements": 5, "percent_covered": 100.0, "percent_covered_display": "100.00", "missing_lines": 0, "excluded_lines": 0}, "missing_lines": [], "excluded_lines": []}, "MetricsCollector.measure_inference_latency": {"executed_lines": [175, 176, 177, 179, 180], "summary": {"covered_lines": 5, "num_statements": 5, "percent_covered": 100.0, "percent_covered_display": "100.00", "missing_lines": 0, "excluded_lines": 0}, "missing_lines": [], "excluded_lines": []}, "MetricsCollector.record_vehicle": {"executed_lines": [187, 192], "summary": {"covered_lines": 2, "num_statements": 2, "percent_covered": 100.0, "percent_covered_display": "100.00", "missing_lines": 0, "excluded_lines": 0}, "missing_lines": [], "excluded_lines": []}, "MetricsCollector.update_queue_length": {"executed_lines": [199, 205, 210, 211], "summary": {"covered_lines": 4, "num_statements": 4, "percent_covered": 100.0, "percent_covered_display": "100.00", "missing_lines": 0, "excluded_lines": 0}, "missing_lines": [], "excluded_lines": []}, "MetricsCollector.update_throughput": {"executed_lines": [218], "summary": {"covered_lines": 1, "num_statements": 1, "percent_covered": 100.0, "percent_covered_display": "100.00", "missing_lines": 0, "excluded_lines": 0}, "missing_lines": [], "excluded_lines": []}, "MetricsCollector.update_efficiency": {"executed_lines": [224], "summary": {"covered_lines": 1, "num_statements": 1, "percent_covered": 100.0, "percent_covered_display": "100.00", "missing_lines": 0, "excluded_lines": 0}, "missing_lines": [], "excluded_lines": []}, "MetricsCollector.update_system_resources": {"executed_lines": [230, 231, 232], "summary": {"covered_lines": 3, "num_statements": 3, "percent_covered": 100.0, "percent_covered_display": "100.00", "missing_lines": 0, "excluded_lines": 0}, "missing_lines": [], "excluded_lines": []}, "MetricsCollector.start_metrics_server": {"executed_lines": [], "summary": {"covered_lines": 0, "num_statements": 3, "percent_covered": 0.0, "percent_covered_display": "0.00", "missing_lines": 3, "excluded_lines": 0}, "missing_lines": [236, 237, 238], "excluded_lines": []}, "get_metrics_collector": {"executed_lines": [], "summary": {"covered_lines": 0, "num_statements": 3, "percent_covered": 0.0, "percent_covered_display": "0.00", "missing_lines": 3, "excluded_lines": 0}, "missing_lines": [248, 249, 250], "excluded_lines": []}, "start_metrics_collection": {"executed_lines": [], "summary": {"covered_lines": 0, "num_statements": 2, "percent_covered": 0.0, "percent_covered_display": "0.00", "missing_lines": 2, "excluded_lines": 0}, "missing_lines": [255, 256], "excluded_lines": []}, "": {"executed_lines": [1, 10, 11, 12, 13, 15, 16, 17, 38, 39, 41, 84, 85, 87, 130, 131, 133, 162, 163, 165, 172, 173, 185, 197, 216, 222, 228, 234, 242, 245, 253], "summary": {"covered_lines": 26, "num_statements": 43, "percent_covered": 60.46511627906977, "percent_covered_display": "60.47", "missing_lines": 17, "excluded_lines": 0}, "missing_lines": [18, 19, 21, 22, 23, 24, 25, 26, 27, 28, 29, 30, 31, 32, 33, 34, 35], "excluded_lines": []}}, "classes": {"TrafficMetrics": {"executed_lines": [43, 49, 57, 63, 70, 77], "summary": {"covered_lines": 6, "num_statements": 6, "percent_covered": 100.0, "percent_covered_display": "100.00", "missing_lines": 0, "excluded_lines": 0}, "missing_lines": [], "excluded_lines": []}, "SystemMetrics": {"executed_lines": [89, 97, 104, 110, 117, 123], "summary": {"covered_lines": 6, "num_statements": 6, "percent_covered": 100.0, "percent_covered_display": "100.00", "missing_lines": 0, "excluded_lines": 0}, "missing_lines": [], "excluded_lines": []}, "BusinessMetrics": {"executed_lines": [135, 142, 148, 155], "summary": {"covered_lines": 4, "num_statements": 4, "percent_covered": 100.0, "percent_covered_display": "100.00", "missing_lines": 0, "excluded_lines": 0}, "missing_lines": [], "excluded_lines": []}, "MetricsCollector": {"executed_lines": [166, 167, 168, 169, 170, 175, 176, 177, 179, 180, 187, 192, 199, 205, 210, 211, 218, 224, 230, 231, 232], "summary": {"covered_lines": 21, "num_statements": 24, "percent_covered": 87.5, "percent_covered_display": "87.50", "missing_lines": 3, "excluded_lines": 0}, "missing_lines": [236, 237, 238], "excluded_lines": []}, "": {"executed_lines": [1, 10, 11, 12, 13, 15, 16, 17, 38, 39, 41, 84, 85, 87, 130, 131, 133, 162, 163, 165, 172, 173, 185, 197, 216, 222, 228, 234, 242, 245, 253], "summary": {"covered_lines": 26, "num_statements": 48, "percent_covered": 54.166666666666664, "percent_covered_display": "54.17", "missing_lines": 22, "excluded_lines": 0}, "missing_lines": [18, 19, 21, 22, 23, 24, 25, 26, 27, 28, 29, 30, 31, 32, 33, 34, 35, 248, 249, 250, 255, 256], "excluded_lines": []}}}, "src\\monitoring\\tracing.py": {"executed_lines": [1, 10, 11, 13, 14, 21, 22, 24, 25, 26, 27, 28, 29, 30, 31, 32, 35, 37, 38, 39, 68, 70, 73, 75, 76, 77, 78, 79, 81, 82, 83, 84, 86, 87, 91, 92, 95, 96, 98, 99, 100, 101, 102, 104, 105, 106, 107, 108, 110, 111, 115, 120], "summary": {"covered_lines": 50, "num_statements": 71, "percent_covered": 70.4225352112676, "percent_covered_display": "70.42", "missing_lines": 21, "excluded_lines": 0}, "missing_lines": [15, 16, 17, 18, 19, 20, 42, 48, 51, 52, 58, 60, 63, 65, 85, 88, 89, 112, 113, 116, 121], "excluded_lines": [], "functions": {"setup_tracing": {"executed_lines": [37, 38, 39], "summary": {"covered_lines": 3, "num_statements": 11, "percent_covered": 27.272727272727273, "percent_covered_display": "27.27", "missing_lines": 8, "excluded_lines": 0}, "missing_lines": [42, 48, 51, 52, 58, 60, 63, 65], "excluded_lines": []}, "get_tracer": {"executed_lines": [70], "summary": {"covered_lines": 1, "num_statements": 1, "percent_covered": 100.0, "percent_covered_display": "100.00", "missing_lines": 0, "excluded_lines": 0}, "missing_lines": [], "excluded_lines": []}, "trace_function": {"executed_lines": [75, 76, 92], "summary": {"covered_lines": 3, "num_statements": 3, "percent_covered": 100.0, "percent_covered_display": "100.00", "missing_lines": 0, "excluded_lines": 0}, "missing_lines": [], "excluded_lines": []}, "trace_function.decorator": {"executed_lines": [77, 91], "summary": {"covered_lines": 2, "num_statements": 2, "percent_covered": 100.0, "percent_covered_display": "100.00", "missing_lines": 0, "excluded_lines": 0}, "missing_lines": [], "excluded_lines": []}, "trace_function.decorator.wrapper": {"executed_lines": [78, 79, 81, 82, 83, 84, 86, 87], "summary": {"covered_lines": 8, "num_statements": 11, "percent_covered": 72.72727272727273, "percent_covered_display": "72.73", "missing_lines": 3, "excluded_lines": 0}, "missing_lines": [85, 88, 89], "excluded_lines": []}, "TraceContext.__init__": {"executed_lines": [99, 100, 101, 102], "summary": {"covered_lines": 4, "num_statements": 4, "percent_covered": 100.0, "percent_covered_display": "100.00", "missing_lines": 0, "excluded_lines": 0}, "missing_lines": [], "excluded_lines": []}, "TraceContext.__enter__": {"executed_lines": [105, 106, 107, 108], "summary": {"covered_lines": 4, "num_statements": 4, "percent_covered": 100.0, "percent_covered_display": "100.00", "missing_lines": 0, "excluded_lines": 0}, "missing_lines": [], "excluded_lines": []}, "TraceContext.__exit__": {"executed_lines": [111, 115], "summary": {"covered_lines": 2, "num_statements": 5, "percent_covered": 40.0, "percent_covered_display": "40.00", "missing_lines": 3, "excluded_lines": 0}, "missing_lines": [112, 113, 116], "excluded_lines": []}, "": {"executed_lines": [1, 10, 11, 13, 14, 21, 22, 24, 25, 26, 27, 28, 29, 30, 31, 32, 35, 68, 73, 95, 96, 98, 104, 110, 120], "summary": {"covered_lines": 23, "num_statements": 30, "percent_covered": 76.66666666666667, "percent_covered_display": "76.67", "missing_lines": 7, "excluded_lines": 0}, "missing_lines": [15, 16, 17, 18, 19, 20, 121], "excluded_lines": []}}, "classes": {"TraceContext": {"executed_lines": [99, 100, 101, 102, 105, 106, 107, 108, 111, 115], "summary": {"covered_lines": 10, "num_statements": 13, "percent_covered": 76.92307692307692, "percent_covered_display": "76.92", "missing_lines": 3, "excluded_lines": 0}, "missing_lines": [112, 113, 116], "excluded_lines": []}, "": {"executed_lines": [1, 10, 11, 13, 14, 21, 22, 24, 25, 26, 27, 28, 29, 30, 31, 32, 35, 37, 38, 39, 68, 70, 73, 75, 76, 77, 78, 79, 81, 82, 83, 84, 86, 87, 91, 92, 95, 96, 98, 104, 110, 120], "summary": {"covered_lines": 40, "num_statements": 58, "percent_covered": 68.96551724137932, "percent_covered_display": "68.97", "missing_lines": 18, "excluded_lines": 0}, "missing_lines": [15, 16, 17, 18, 19, 20, 42, 48, 51, 52, 58, 60, 63, 65, 85, 88, 89, 121], "excluded_lines": []}}}, "src\\optimization\\genetic_algo.py": {"executed_lines": [1, 2, 4, 5, 6, 8, 9, 10, 11, 12, 13, 15, 17, 20, 23, 24, 25, 27, 29, 30, 31, 32, 33, 35, 37, 38, 39, 40, 41, 42, 43, 44, 46, 48, 49, 52, 54, 66], "summary": {"covered_lines": 37, "num_statements": 50, "percent_covered": 74.0, "percent_covered_display": "74.00", "missing_lines": 13, "excluded_lines": 0}, "missing_lines": [50, 51, 56, 57, 58, 59, 60, 61, 62, 63, 68, 69, 70], "excluded_lines": [], "functions": {"GeneticAlgorithm.__init__": {"executed_lines": [8, 9, 10, 11, 12, 13], "summary": {"covered_lines": 6, "num_statements": 6, "percent_covered": 100.0, "percent_covered_display": "100.00", "missing_lines": 0, "excluded_lines": 0}, "missing_lines": [], "excluded_lines": []}, "GeneticAlgorithm.initialize_population": {"executed_lines": [17], "summary": {"covered_lines": 1, "num_statements": 1, "percent_covered": 100.0, "percent_covered_display": "100.00", "missing_lines": 0, "excluded_lines": 0}, "missing_lines": [], "excluded_lines": []}, "GeneticAlgorithm.fitness": {"executed_lines": [23, 24, 25], "summary": {"covered_lines": 3, "num_statements": 3, "percent_covered": 100.0, "percent_covered_display": "100.00", "missing_lines": 0, "excluded_lines": 0}, "missing_lines": [], "excluded_lines": []}, "GeneticAlgorithm.select": {"executed_lines": [29, 30, 31, 32, 33], "summary": {"covered_lines": 5, "num_statements": 5, "percent_covered": 100.0, "percent_covered_display": "100.00", "missing_lines": 0, "excluded_lines": 0}, "missing_lines": [], "excluded_lines": []}, "GeneticAlgorithm.crossover": {"executed_lines": [37, 38, 39, 40, 41, 42, 43, 44], "summary": {"covered_lines": 8, "num_statements": 8, "percent_covered": 100.0, "percent_covered_display": "100.00", "missing_lines": 0, "excluded_lines": 0}, "missing_lines": [], "excluded_lines": []}, "GeneticAlgorithm.mutate": {"executed_lines": [48, 49, 52], "summary": {"covered_lines": 3, "num_statements": 5, "percent_covered": 60.0, "percent_covered_display": "60.00", "missing_lines": 2, "excluded_lines": 0}, "missing_lines": [50, 51], "excluded_lines": []}, "GeneticAlgorithm.optimize": {"executed_lines": [], "summary": {"covered_lines": 0, "num_statements": 8, "percent_covered": 0.0, "percent_covered_display": "0.00", "missing_lines": 8, "excluded_lines": 0}, "missing_lines": [56, 57, 58, 59, 60, 61, 62, 63], "excluded_lines": []}, "get_ga_timing": {"executed_lines": [], "summary": {"covered_lines": 0, "num_statements": 3, "percent_covered": 0.0, "percent_covered_display": "0.00", "missing_lines": 3, "excluded_lines": 0}, "missing_lines": [68, 69, 70], "excluded_lines": []}, "": {"executed_lines": [1, 2, 4, 5, 6, 15, 20, 27, 35, 46, 54, 66], "summary": {"covered_lines": 11, "num_statements": 11, "percent_covered": 100.0, "percent_covered_display": "100.00", "missing_lines": 0, "excluded_lines": 0}, "missing_lines": [], "excluded_lines": []}}, "classes": {"GeneticAlgorithm": {"executed_lines": [8, 9, 10, 11, 12, 13, 17, 23, 24, 25, 29, 30, 31, 32, 33, 37, 38, 39, 40, 41, 42, 43, 44, 48, 49, 52], "summary": {"covered_lines": 26, "num_statements": 36, "percent_covered": 72.22222222222223, "percent_covered_display": "72.22", "missing_lines": 10, "excluded_lines": 0}, "missing_lines": [50, 51, 56, 57, 58, 59, 60, 61, 62, 63], "excluded_lines": []}, "": {"executed_lines": [1, 2, 4, 5, 6, 15, 20, 27, 35, 46, 54, 66], "summary": {"covered_lines": 11, "num_statements": 14, "percent_covered": 78.57142857142857, "percent_covered_display": "78.57", "missing_lines": 3, "excluded_lines": 0}, "missing_lines": [68, 69, 70], "excluded_lines": []}}}, "src\\optimization\\pso.py": {"executed_lines": [1, 2, 4, 5, 6, 9, 10, 11, 12, 13, 14, 15, 16, 17, 18, 20, 22, 24, 25, 27, 29, 30, 31, 33, 35, 36, 37, 41, 43, 45, 46, 47, 48, 49, 52, 89], "summary": {"covered_lines": 35, "num_statements": 65, "percent_covered": 53.84615384615385, "percent_covered_display": "53.85", "missing_lines": 30, "excluded_lines": 0}, "missing_lines": [38, 39, 40, 50, 54, 55, 56, 57, 58, 60, 61, 63, 64, 69, 70, 71, 72, 74, 76, 78, 79, 80, 81, 82, 83, 84, 86, 91, 92, 93], "excluded_lines": [], "functions": {"ParticleSwarmOptimizer.__init__": {"executed_lines": [9, 10, 11, 12, 13, 14, 15, 16, 17, 18], "summary": {"covered_lines": 10, "num_statements": 10, "percent_covered": 100.0, "percent_covered_display": "100.00", "missing_lines": 0, "excluded_lines": 0}, "missing_lines": [], "excluded_lines": []}, "ParticleSwarmOptimizer.initialize_particles": {"executed_lines": [22, 24, 25], "summary": {"covered_lines": 3, "num_statements": 3, "percent_covered": 100.0, "percent_covered_display": "100.00", "missing_lines": 0, "excluded_lines": 0}, "missing_lines": [], "excluded_lines": []}, "ParticleSwarmOptimizer.fitness": {"executed_lines": [29, 30, 31], "summary": {"covered_lines": 3, "num_statements": 3, "percent_covered": 100.0, "percent_covered_display": "100.00", "missing_lines": 0, "excluded_lines": 0}, "missing_lines": [], "excluded_lines": []}, "ParticleSwarmOptimizer.afsa_swarm": {"executed_lines": [35, 36, 37, 41], "summary": {"covered_lines": 4, "num_statements": 7, "percent_covered": 57.142857142857146, "percent_covered_display": "57.14", "missing_lines": 3, "excluded_lines": 0}, "missing_lines": [38, 39, 40], "excluded_lines": []}, "ParticleSwarmOptimizer.afsa_follow": {"executed_lines": [45, 46, 47, 48, 49], "summary": {"covered_lines": 5, "num_statements": 6, "percent_covered": 83.33333333333333, "percent_covered_display": "83.33", "missing_lines": 1, "excluded_lines": 0}, "missing_lines": [50], "excluded_lines": []}, "ParticleSwarmOptimizer.optimize": {"executed_lines": [], "summary": {"covered_lines": 0, "num_statements": 23, "percent_covered": 0.0, "percent_covered_display": "0.00", "missing_lines": 23, "excluded_lines": 0}, "missing_lines": [54, 55, 56, 57, 58, 60, 61, 63, 64, 69, 70, 71, 72, 74, 76, 78, 79, 80, 81, 82, 83, 84, 86], "excluded_lines": []}, "get_pso_timing": {"executed_lines": [], "summary": {"covered_lines": 0, "num_statements": 3, "percent_covered": 0.0, "percent_covered_display": "0.00", "missing_lines": 3, "excluded_lines": 0}, "missing_lines": [91, 92, 93], "excluded_lines": []}, "": {"executed_lines": [1, 2, 4, 5, 6, 20, 27, 33, 43, 52, 89], "summary": {"covered_lines": 10, "num_statements": 10, "percent_covered": 100.0, "percent_covered_display": "100.00", "missing_lines": 0, "excluded_lines": 0}, "missing_lines": [], "excluded_lines": []}}, "classes": {"ParticleSwarmOptimizer": {"executed_lines": [9, 10, 11, 12, 13, 14, 15, 16, 17, 18, 22, 24, 25, 29, 30, 31, 35, 36, 37, 41, 45, 46, 47, 48, 49], "summary": {"covered_lines": 25, "num_statements": 52, "percent_covered": 48.07692307692308, "percent_covered_display": "48.08", "missing_lines": 27, "excluded_lines": 0}, "missing_lines": [38, 39, 40, 50, 54, 55, 56, 57, 58, 60, 61, 63, 64, 69, 70, 71, 72, 74, 76, 78, 79, 80, 81, 82, 83, 84, 86], "excluded_lines": []}, "": {"executed_lines": [1, 2, 4, 5, 6, 20, 27, 33, 43, 52, 89], "summary": {"covered_lines": 10, "num_statements": 13, "percent_covered": 76.92307692307692, "percent_covered_display": "76.92", "missing_lines": 3, "excluded_lines": 0}, "missing_lines": [91, 92, 93], "excluded_lines": []}}}, "src\\realtime\\deadline_aware_agent.py": {"executed_lines": [1, 7, 8, 9, 12, 13, 15, 16, 17, 18, 19, 20, 22, 24, 25, 27, 29, 30, 31, 33, 40, 49, 51], "summary": {"covered_lines": 21, "num_statements": 30, "percent_covered": 70.0, "percent_covered_display": "70.00", "missing_lines": 9, "excluded_lines": 0}, "missing_lines": [34, 36, 37, 38, 42, 44, 45, 46, 47], "excluded_lines": [], "functions": {"DeadlineAwareAgent.__init__": {"executed_lines": [16, 17, 18, 19, 20], "summary": {"covered_lines": 5, "num_statements": 5, "percent_covered": 100.0, "percent_covered_display": "100.00", "missing_lines": 0, "excluded_lines": 0}, "missing_lines": [], "excluded_lines": []}, "DeadlineAwareAgent.select_action": {"executed_lines": [24, 25, 27, 29, 30, 31, 33, 40], "summary": {"covered_lines": 8, "num_statements": 17, "percent_covered": 47.05882352941177, "percent_covered_display": "47.06", "missing_lines": 9, "excluded_lines": 0}, "missing_lines": [34, 36, 37, 38, 42, 44, 45, 46, 47], "excluded_lines": []}, "DeadlineAwareAgent.get_stats": {"executed_lines": [51], "summary": {"covered_lines": 1, "num_statements": 1, "percent_covered": 100.0, "percent_covered_display": "100.00", "missing_lines": 0, "excluded_lines": 0}, "missing_lines": [], "excluded_lines": []}, "": {"executed_lines": [1, 7, 8, 9, 12, 13, 15, 22, 49], "summary": {"covered_lines": 7, "num_statements": 7, "percent_covered": 100.0, "percent_covered_display": "100.00", "missing_lines": 0, "excluded_lines": 0}, "missing_lines": [], "excluded_lines": []}}, "classes": {"DeadlineAwareAgent": {"executed_lines": [16, 17, 18, 19, 20, 24, 25, 27, 29, 30, 31, 33, 40, 51], "summary": {"covered_lines": 14, "num_statements": 23, "percent_covered": 60.869565217391305, "percent_covered_display": "60.87", "missing_lines": 9, "excluded_lines": 0}, "missing_lines": [34, 36, 37, 38, 42, 44, 45, 46, 47], "excluded_lines": []}, "": {"executed_lines": [1, 7, 8, 9, 12, 13, 15, 22, 49], "summary": {"covered_lines": 7, "num_statements": 7, "percent_covered": 100.0, "percent_covered_display": "100.00", "missing_lines": 0, "excluded_lines": 0}, "missing_lines": [], "excluded_lines": []}}}, "src\\realtime\\scheduler.py": {"executed_lines": [1, 7, 8, 9, 10, 11, 12, 15, 16, 17, 18, 19, 20, 23, 24, 25, 26, 27, 28, 29, 30, 31, 33, 36, 37, 41, 42, 44, 45, 46, 47, 48, 49, 50, 51, 53, 56, 65, 66, 68, 70, 72, 75, 76, 81, 82, 84, 90, 92, 93, 95, 96, 109, 127, 129, 131, 132, 143, 146, 149, 150, 151, 152], "summary": {"covered_lines": 59, "num_statements": 81, "percent_covered": 72.8395061728395, "percent_covered_display": "72.84", "missing_lines": 22, "excluded_lines": 0}, "missing_lines": [38, 73, 86, 87, 88, 97, 100, 102, 103, 104, 107, 110, 112, 113, 114, 117, 118, 119, 121, 123, 124, 125], "excluded_lines": [], "functions": {"Task.__lt__": {"executed_lines": [36, 37], "summary": {"covered_lines": 2, "num_statements": 3, "percent_covered": 66.66666666666667, "percent_covered_display": "66.67", "missing_lines": 1, "excluded_lines": 0}, "missing_lines": [38], "excluded_lines": []}, "RealTimeScheduler.__init__": {"executed_lines": [45, 46, 47, 48, 49, 50, 51], "summary": {"covered_lines": 7, "num_statements": 7, "percent_covered": 100.0, "percent_covered_display": "100.00", "missing_lines": 0, "excluded_lines": 0}, "missing_lines": [], "excluded_lines": []}, "RealTimeScheduler.submit": {"executed_lines": [56, 65, 66, 68], "summary": {"covered_lines": 4, "num_statements": 4, "percent_covered": 100.0, "percent_covered_display": "100.00", "missing_lines": 0, "excluded_lines": 0}, "missing_lines": [], "excluded_lines": []}, "RealTimeScheduler.start": {"executed_lines": [72, 75, 76, 81, 82], "summary": {"covered_lines": 5, "num_statements": 6, "percent_covered": 83.33333333333333, "percent_covered_display": "83.33", "missing_lines": 1, "excluded_lines": 0}, "missing_lines": [73], "excluded_lines": []}, "RealTimeScheduler.stop": {"executed_lines": [], "summary": {"covered_lines": 0, "num_statements": 3, "percent_covered": 0.0, "percent_covered_display": "0.00", "missing_lines": 3, "excluded_lines": 0}, "missing_lines": [86, 87, 88], "excluded_lines": []}, "RealTimeScheduler._worker": {"executed_lines": [92, 93, 95, 96, 109, 127], "summary": {"covered_lines": 6, "num_statements": 23, "percent_covered": 26.08695652173913, "percent_covered_display": "26.09", "missing_lines": 17, "excluded_lines": 0}, "missing_lines": [97, 100, 102, 103, 104, 107, 110, 112, 113, 114, 117, 118, 119, 121, 123, 124, 125], "excluded_lines": []}, "RealTimeScheduler.get_stats": {"executed_lines": [131, 132], "summary": {"covered_lines": 2, "num_statements": 2, "percent_covered": 100.0, "percent_covered_display": "100.00", "missing_lines": 0, "excluded_lines": 0}, "missing_lines": [], "excluded_lines": []}, "get_scheduler": {"executed_lines": [149, 150, 151, 152], "summary": {"covered_lines": 4, "num_statements": 4, "percent_covered": 100.0, "percent_covered_display": "100.00", "missing_lines": 0, "excluded_lines": 0}, "missing_lines": [], "excluded_lines": []}, "": {"executed_lines": [1, 7, 8, 9, 10, 11, 12, 15, 16, 17, 18, 19, 20, 23, 24, 25, 26, 27, 28, 29, 30, 31, 33, 41, 42, 44, 53, 70, 84, 90, 129, 143, 146], "summary": {"covered_lines": 29, "num_statements": 29, "percent_covered": 100.0, "percent_covered_display": "100.00", "missing_lines": 0, "excluded_lines": 0}, "missing_lines": [], "excluded_lines": []}}, "classes": {"Priority": {"executed_lines": [], "summary": {"covered_lines": 0, "num_statements": 0, "percent_covered": 100.0, "percent_covered_display": "100.00", "missing_lines": 0, "excluded_lines": 0}, "missing_lines": [], "excluded_lines": []}, "Task": {"executed_lines": [36, 37], "summary": {"covered_lines": 2, "num_statements": 3, "percent_covered": 66.66666666666667, "percent_covered_display": "66.67", "missing_lines": 1, "excluded_lines": 0}, "missing_lines": [38], "excluded_lines": []}, "RealTimeScheduler": {"executed_lines": [45, 46, 47, 48, 49, 50, 51, 56, 65, 66, 68, 72, 75, 76, 81, 82, 92, 93, 95, 96, 109, 127, 131, 132], "summary": {"covered_lines": 24, "num_statements": 45, "percent_covered": 53.333333333333336, "percent_covered_display": "53.33", "missing_lines": 21, "excluded_lines": 0}, "missing_lines": [73, 86, 87, 88, 97, 100, 102, 103, 104, 107, 110, 112, 113, 114, 117, 118, 119, 121, 123, 124, 125], "excluded_lines": []}, "": {"executed_lines": [1, 7, 8, 9, 10, 11, 12, 15, 16, 17, 18, 19, 20, 23, 24, 25, 26, 27, 28, 29, 30, 31, 33, 41, 42, 44, 53, 70, 84, 90, 129, 143, 146, 149, 150, 151, 152], "summary": {"covered_lines": 33, "num_statements": 33, "percent_covered": 100.0, "percent_covered_display": "100.00", "missing_lines": 0, "excluded_lines": 0}, "missing_lines": [], "excluded_lines": []}}}, "src\\rl\\__init__.py": {"executed_lines": [1], "summary": {"covered_lines": 0, "num_statements": 0, "percent_covered": 100.0, "percent_covered_display": "100.00", "missing_lines": 0, "excluded_lines": 0}, "missing_lines": [], "excluded_lines": [], "functions": {"": {"executed_lines": [1], "summary": {"covered_lines": 0, "num_statements": 0, "percent_covered": 100.0, "percent_covered_display": "100.00", "missing_lines": 0, "excluded_lines": 0}, "missing_lines": [], "excluded_lines": []}}, "classes": {"": {"executed_lines": [1], "summary": {"covered_lines": 0, "num_statements": 0, "percent_covered": 100.0, "percent_covered_display": "100.00", "missing_lines": 0, "excluded_lines": 0}, "missing_lines": [], "excluded_lines": []}}}, "src\\rl\\analyze_dqn.py": {"executed_lines": [], "summary": {"covered_lines": 0, "num_statements": 54, "percent_covered": 0.0, "percent_covered_display": "0.00", "missing_lines": 54, "excluded_lines": 5}, "missing_lines": [1, 2, 3, 4, 5, 7, 8, 10, 13, 14, 16, 19, 21, 23, 26, 28, 29, 31, 34, 45, 46, 47, 50, 51, 52, 53, 56, 57, 59, 60, 61, 62, 65, 66, 67, 69, 70, 71, 72, 73, 75, 76, 77, 80, 81, 82, 83, 85, 87, 88, 89, 91, 92, 93], "excluded_lines": [95, 96, 102, 103, 104], "functions": {"analyze_dqn_decisions": {"executed_lines": [], "summary": {"covered_lines": 0, "num_statements": 39, "percent_covered": 0.0, "percent_covered_display": "0.00", "missing_lines": 39, "excluded_lines": 0}, "missing_lines": [13, 14, 16, 19, 21, 23, 26, 28, 29, 31, 34, 45, 46, 47, 50, 51, 52, 53, 56, 57, 59, 60, 61, 62, 65, 66, 67, 69, 70, 71, 72, 73, 75, 76, 77, 80, 81, 82, 83], "excluded_lines": []}, "calculate_action_entropy": {"executed_lines": [], "summary": {"covered_lines": 0, "num_statements": 3, "percent_covered": 0.0, "percent_covered_display": "0.00", "missing_lines": 3, "excluded_lines": 0}, "missing_lines": [87, 88, 89], "excluded_lines": []}, "load_config": {"executed_lines": [], "summary": {"covered_lines": 0, "num_statements": 2, "percent_covered": 0.0, "percent_covered_display": "0.00", "missing_lines": 2, "excluded_lines": 0}, "missing_lines": [92, 93], "excluded_lines": []}, "": {"executed_lines": [], "summary": {"covered_lines": 0, "num_statements": 10, "percent_covered": 0.0, "percent_covered_display": "0.00", "missing_lines": 10, "excluded_lines": 5}, "missing_lines": [1, 2, 3, 4, 5, 7, 8, 10, 85, 91], "excluded_lines": [95, 96, 102, 103, 104]}}, "classes": {"": {"executed_lines": [], "summary": {"covered_lines": 0, "num_statements": 54, "percent_covered": 0.0, "percent_covered_display": "0.00", "missing_lines": 54, "excluded_lines": 5}, "missing_lines": [1, 2, 3, 4, 5, 7, 8, 10, 13, 14, 16, 19, 21, 23, 26, 28, 29, 31, 34, 45, 46, 47, 50, 51, 52, 53, 56, 57, 59, 60, 61, 62, 65, 66, 67, 69, 70, 71, 72, 73, 75, 76, 77, 80, 81, 82, 83, 85, 87, 88, 89, 91, 92, 93], "excluded_lines": [95, 96, 102, 103, 104]}}}, "src\\rl\\analyze_dqn_simple.py": {"executed_lines": [], "summary": {"covered_lines": 0, "num_statements": 50, "percent_covered": 0.0, "percent_covered_display": "0.00", "missing_lines": 50, "excluded_lines": 5}, "missing_lines": [1, 2, 3, 4, 6, 7, 9, 12, 13, 15, 18, 20, 22, 25, 26, 27, 30, 39, 40, 41, 44, 45, 46, 47, 50, 51, 53, 54, 55, 57, 58, 59, 60, 61, 63, 64, 65, 66, 67, 69, 70, 71, 72, 75, 76, 77, 78, 80, 81, 82], "excluded_lines": [84, 85, 91, 92, 93], "functions": {"analyze_dqn_decisions": {"executed_lines": [], "summary": {"covered_lines": 0, "num_statements": 40, "percent_covered": 0.0, "percent_covered_display": "0.00", "missing_lines": 40, "excluded_lines": 0}, "missing_lines": [12, 13, 15, 18, 20, 22, 25, 26, 27, 30, 39, 40, 41, 44, 45, 46, 47, 50, 51, 53, 54, 55, 57, 58, 59, 60, 61, 63, 64, 65, 66, 67, 69, 70, 71, 72, 75, 76, 77, 78], "excluded_lines": []}, "load_config": {"executed_lines": [], "summary": {"covered_lines": 0, "num_statements": 2, "percent_covered": 0.0, "percent_covered_display": "0.00", "missing_lines": 2, "excluded_lines": 0}, "missing_lines": [81, 82], "excluded_lines": []}, "": {"executed_lines": [], "summary": {"covered_lines": 0, "num_statements": 8, "percent_covered": 0.0, "percent_covered_display": "0.00", "missing_lines": 8, "excluded_lines": 5}, "missing_lines": [1, 2, 3, 4, 6, 7, 9, 80], "excluded_lines": [84, 85, 91, 92, 93]}}, "classes": {"": {"executed_lines": [], "summary": {"covered_lines": 0, "num_statements": 50, "percent_covered": 0.0, "percent_covered_display": "0.00", "missing_lines": 50, "excluded_lines": 5}, "missing_lines": [1, 2, 3, 4, 6, 7, 9, 12, 13, 15, 18, 20, 22, 25, 26, 27, 30, 39, 40, 41, 44, 45, 46, 47, 50, 51, 53, 54, 55, 57, 58, 59, 60, 61, 63, 64, 65, 66, 67, 69, 70, 71, 72, 75, 76, 77, 78, 80, 81, 82], "excluded_lines": [84, 85, 91, 92, 93]}}}, "src\\rl\\benchmark_dqn.py": {"executed_lines": [], "summary": {"covered_lines": 0, "num_statements": 54, "percent_covered": 0.0, "percent_covered_display": "0.00", "missing_lines": 54, "excluded_lines": 7}, "missing_lines": [1, 2, 3, 4, 5, 6, 7, 8, 9, 12, 22, 23, 24, 25, 27, 28, 29, 30, 31, 32, 33, 34, 35, 36, 37, 38, 41, 51, 52, 53, 54, 55, 56, 57, 58, 59, 60, 61, 62, 63, 65, 66, 68, 69, 70, 71, 72, 73, 74, 75, 76, 77, 78, 79], "excluded_lines": [81, 82, 92, 93, 94, 95, 96], "functions": {"benchmark_sb3": {"executed_lines": [], "summary": {"covered_lines": 0, "num_statements": 16, "percent_covered": 0.0, "percent_covered_display": "0.00", "missing_lines": 16, "excluded_lines": 0}, "missing_lines": [22, 23, 24, 25, 27, 28, 29, 30, 31, 32, 33, 34, 35, 36, 37, 38], "excluded_lines": []}, "benchmark_custom": {"executed_lines": [], "summary": {"covered_lines": 0, "num_statements": 27, "percent_covered": 0.0, "percent_covered_display": "0.00", "missing_lines": 27, "excluded_lines": 0}, "missing_lines": [51, 52, 53, 54, 55, 56, 57, 58, 59, 60, 61, 62, 63, 65, 66, 68, 69, 70, 71, 72, 73, 74, 75, 76, 77, 78, 79], "excluded_lines": []}, "": {"executed_lines": [], "summary": {"covered_lines": 0, "num_statements": 11, "percent_covered": 0.0, "percent_covered_display": "0.00", "missing_lines": 11, "excluded_lines": 7}, "missing_lines": [1, 2, 3, 4, 5, 6, 7, 8, 9, 12, 41], "excluded_lines": [81, 82, 92, 93, 94, 95, 96]}}, "classes": {"": {"executed_lines": [], "summary": {"covered_lines": 0, "num_statements": 54, "percent_covered": 0.0, "percent_covered_display": "0.00", "missing_lines": 54, "excluded_lines": 7}, "missing_lines": [1, 2, 3, 4, 5, 6, 7, 8, 9, 12, 22, 23, 24, 25, 27, 28, 29, 30, 31, 32, 33, 34, 35, 36, 37, 38, 41, 51, 52, 53, 54, 55, 56, 57, 58, 59, 60, 61, 62, 63, 65, 66, 68, 69, 70, 71, 72, 73, 74, 75, 76, 77, 78, 79], "excluded_lines": [81, 82, 92, 93, 94, 95, 96]}}}, "src\\rl\\benchmark_methods.py": {"executed_lines": [], "summary": {"covered_lines": 0, "num_statements": 101, "percent_covered": 0.0, "percent_covered_display": "0.00", "missing_lines": 101, "excluded_lines": 5}, "missing_lines": [1, 2, 3, 4, 7, 8, 9, 10, 11, 12, 13, 14, 15, 16, 17, 19, 22, 23, 24, 25, 26, 29, 30, 31, 32, 33, 35, 37, 38, 39, 40, 41, 42, 44, 46, 47, 49, 50, 51, 52, 53, 54, 55, 56, 57, 58, 59, 60, 62, 63, 64, 65, 66, 67, 68, 69, 70, 71, 72, 73, 74, 75, 76, 77, 78, 79, 80, 81, 84, 85, 86, 87, 88, 89, 90, 92, 93, 95, 96, 97, 99, 105, 108, 110, 112, 113, 114, 115, 116, 117, 119, 120, 121, 123, 124, 125, 126, 127, 128, 129, 130], "excluded_lines": [132, 133, 146, 147, 148], "functions": {"BenchmarkRunner.__init__": {"executed_lines": [], "summary": {"covered_lines": 0, "num_statements": 9, "percent_covered": 0.0, "percent_covered_display": "0.00", "missing_lines": 9, "excluded_lines": 0}, "missing_lines": [23, 24, 25, 26, 29, 30, 31, 32, 33], "excluded_lines": []}, "BenchmarkRunner.run_benchmark": {"executed_lines": [], "summary": {"covered_lines": 0, "num_statements": 6, "percent_covered": 0.0, "percent_covered_display": "0.00", "missing_lines": 6, "excluded_lines": 0}, "missing_lines": [37, 38, 39, 40, 41, 42], "excluded_lines": []}, "BenchmarkRunner._run_episode": {"executed_lines": [], "summary": {"covered_lines": 0, "num_statements": 47, "percent_covered": 0.0, "percent_covered_display": "0.00", "missing_lines": 47, "excluded_lines": 0}, "missing_lines": [46, 47, 49, 50, 51, 52, 53, 54, 55, 56, 57, 58, 59, 60, 62, 63, 64, 65, 66, 67, 68, 69, 70, 71, 72, 73, 74, 75, 76, 77, 78, 79, 80, 81, 84, 85, 86, 87, 88, 89, 90, 92, 93, 95, 96, 97, 99], "excluded_lines": []}, "BenchmarkRunner._gnn_to_action": {"executed_lines": [], "summary": {"covered_lines": 0, "num_statements": 1, "percent_covered": 0.0, "percent_covered_display": "0.00", "missing_lines": 1, "excluded_lines": 0}, "missing_lines": [108], "excluded_lines": []}, "BenchmarkRunner.generate_report": {"executed_lines": [], "summary": {"covered_lines": 0, "num_statements": 17, "percent_covered": 0.0, "percent_covered_display": "0.00", "missing_lines": 17, "excluded_lines": 0}, "missing_lines": [112, 113, 114, 115, 116, 117, 119, 120, 121, 123, 124, 125, 126, 127, 128, 129, 130], "excluded_lines": []}, "": {"executed_lines": [], "summary": {"covered_lines": 0, "num_statements": 21, "percent_covered": 0.0, "percent_covered_display": "0.00", "missing_lines": 21, "excluded_lines": 5}, "missing_lines": [1, 2, 3, 4, 7, 8, 9, 10, 11, 12, 13, 14, 15, 16, 17, 19, 22, 35, 44, 105, 110], "excluded_lines": [132, 133, 146, 147, 148]}}, "classes": {"BenchmarkRunner": {"executed_lines": [], "summary": {"covered_lines": 0, "num_statements": 80, "percent_covered": 0.0, "percent_covered_display": "0.00", "missing_lines": 80, "excluded_lines": 0}, "missing_lines": [23, 24, 25, 26, 29, 30, 31, 32, 33, 37, 38, 39, 40, 41, 42, 46, 47, 49, 50, 51, 52, 53, 54, 55, 56, 57, 58, 59, 60, 62, 63, 64, 65, 66, 67, 68, 69, 70, 71, 72, 73, 74, 75, 76, 77, 78, 79, 80, 81, 84, 85, 86, 87, 88, 89, 90, 92, 93, 95, 96, 97, 99, 108, 112, 113, 114, 115, 116, 117, 119, 120, 121, 123, 124, 125, 126, 127, 128, 129, 130], "excluded_lines": []}, "": {"executed_lines": [], "summary": {"covered_lines": 0, "num_statements": 21, "percent_covered": 0.0, "percent_covered_display": "0.00", "missing_lines": 21, "excluded_lines": 5}, "missing_lines": [1, 2, 3, 4, 7, 8, 9, 10, 11, 12, 13, 14, 15, 16, 17, 19, 22, 35, 44, 105, 110], "excluded_lines": [132, 133, 146, 147, 148]}}}, "src\\rl\\compare_strategies.py": {"executed_lines": [], "summary": {"covered_lines": 0, "num_statements": 61, "percent_covered": 0.0, "percent_covered_display": "0.00", "missing_lines": 61, "excluded_lines": 5}, "missing_lines": [1, 2, 3, 4, 5, 7, 8, 10, 11, 12, 14, 16, 17, 18, 20, 22, 24, 25, 26, 34, 35, 36, 38, 40, 42, 43, 45, 48, 50, 51, 53, 54, 55, 56, 64, 65, 66, 68, 70, 72, 75, 76, 77, 80, 81, 83, 84, 85, 86, 87, 94, 95, 96, 97, 98, 100, 101, 102, 103, 104, 105], "excluded_lines": [107, 109, 115, 116, 117], "functions": {"load_config": {"executed_lines": [], "summary": {"covered_lines": 0, "num_statements": 2, "percent_covered": 0.0, "percent_covered_display": "0.00", "missing_lines": 2, "excluded_lines": 0}, "missing_lines": [11, 12], "excluded_lines": []}, "simulate_fixed_timing": {"executed_lines": [], "summary": {"covered_lines": 0, "num_statements": 12, "percent_covered": 0.0, "percent_covered_display": "0.00", "missing_lines": 12, "excluded_lines": 0}, "missing_lines": [16, 17, 18, 20, 22, 24, 25, 26, 34, 35, 36, 38], "excluded_lines": []}, "simulate_dqn": {"executed_lines": [], "summary": {"covered_lines": 0, "num_statements": 14, "percent_covered": 0.0, "percent_covered_display": "0.00", "missing_lines": 14, "excluded_lines": 0}, "missing_lines": [42, 43, 45, 48, 50, 51, 53, 54, 55, 56, 64, 65, 66, 68], "excluded_lines": []}, "run_comparison": {"executed_lines": [], "summary": {"covered_lines": 0, "num_statements": 22, "percent_covered": 0.0, "percent_covered_display": "0.00", "missing_lines": 22, "excluded_lines": 0}, "missing_lines": [72, 75, 76, 77, 80, 81, 83, 84, 85, 86, 87, 94, 95, 96, 97, 98, 100, 101, 102, 103, 104, 105], "excluded_lines": []}, "": {"executed_lines": [], "summary": {"covered_lines": 0, "num_statements": 11, "percent_covered": 0.0, "percent_covered_display": "0.00", "missing_lines": 11, "excluded_lines": 5}, "missing_lines": [1, 2, 3, 4, 5, 7, 8, 10, 14, 40, 70], "excluded_lines": [107, 109, 115, 116, 117]}}, "classes": {"": {"executed_lines": [], "summary": {"covered_lines": 0, "num_statements": 61, "percent_covered": 0.0, "percent_covered_display": "0.00", "missing_lines": 61, "excluded_lines": 5}, "missing_lines": [1, 2, 3, 4, 5, 7, 8, 10, 11, 12, 14, 16, 17, 18, 20, 22, 24, 25, 26, 34, 35, 36, 38, 40, 42, 43, 45, 48, 50, 51, 53, 54, 55, 56, 64, 65, 66, 68, 70, 72, 75, 76, 77, 80, 81, 83, 84, 85, 86, 87, 94, 95, 96, 97, 98, 100, 101, 102, 103, 104, 105], "excluded_lines": [107, 109, 115, 116, 117]}}}, "src\\rl\\comparison_simulation.py": {"executed_lines": [], "summary": {"covered_lines": 0, "num_statements": 126, "percent_covered": 0.0, "percent_covered_display": "0.00", "missing_lines": 126, "excluded_lines": 2}, "missing_lines": [8, 9, 10, 11, 12, 13, 15, 16, 19, 21, 22, 25, 28, 31, 32, 35, 38, 41, 42, 45, 48, 50, 51, 52, 55, 67, 69, 71, 73, 74, 75, 76, 78, 79, 82, 83, 86, 87, 88, 89, 91, 94, 98, 99, 102, 103, 104, 105, 108, 111, 115, 116, 119, 120, 123, 126, 127, 128, 131, 133, 134, 137, 138, 141, 142, 143, 145, 146, 147, 149, 150, 151, 152, 154, 155, 156, 158, 159, 162, 163, 166, 167, 169, 170, 173, 174, 177, 178, 179, 182, 183, 184, 188, 191, 192, 193, 195, 198, 201, 202, 203, 206, 207, 208, 209, 212, 213, 214, 215, 216, 217, 219, 220, 223, 224, 225, 226, 227, 230, 231, 232, 234, 236, 238, 241, 243], "excluded_lines": [246, 247], "functions": {"load_config": {"executed_lines": [], "summary": {"covered_lines": 0, "num_statements": 2, "percent_covered": 0.0, "percent_covered_display": "0.00", "missing_lines": 2, "excluded_lines": 0}, "missing_lines": [21, 22], "excluded_lines": []}, "create_intersection_visualization": {"executed_lines": [], "summary": {"covered_lines": 0, "num_statements": 8, "percent_covered": 0.0, "percent_covered_display": "0.00", "missing_lines": 8, "excluded_lines": 0}, "missing_lines": [28, 31, 32, 35, 38, 41, 42, 45], "excluded_lines": []}, "draw_vehicle_queues": {"executed_lines": [], "summary": {"covered_lines": 0, "num_statements": 20, "percent_covered": 0.0, "percent_covered_display": "0.00", "missing_lines": 20, "excluded_lines": 0}, "missing_lines": [50, 51, 52, 55, 67, 69, 71, 73, 74, 75, 76, 78, 79, 82, 83, 86, 87, 88, 89, 91], "excluded_lines": []}, "draw_info_panel": {"executed_lines": [], "summary": {"covered_lines": 0, "num_statements": 12, "percent_covered": 0.0, "percent_covered_display": "0.00", "missing_lines": 12, "excluded_lines": 0}, "missing_lines": [98, 99, 102, 103, 104, 105, 108, 111, 115, 116, 119, 120], "excluded_lines": []}, "run_comparison_simulation": {"executed_lines": [], "summary": {"covered_lines": 0, "num_statements": 63, "percent_covered": 0.0, "percent_covered_display": "0.00", "missing_lines": 63, "excluded_lines": 0}, "missing_lines": [126, 127, 128, 131, 133, 134, 137, 138, 141, 142, 143, 145, 146, 147, 149, 150, 151, 152, 154, 155, 156, 158, 159, 162, 163, 166, 167, 169, 170, 173, 174, 177, 178, 179, 182, 183, 184, 188, 191, 192, 193, 195, 198, 201, 202, 203, 206, 207, 208, 209, 212, 213, 214, 215, 216, 217, 219, 220, 223, 224, 225, 226, 227], "excluded_lines": []}, "main": {"executed_lines": [], "summary": {"covered_lines": 0, "num_statements": 7, "percent_covered": 0.0, "percent_covered_display": "0.00", "missing_lines": 7, "excluded_lines": 0}, "missing_lines": [231, 232, 234, 236, 238, 241, 243], "excluded_lines": []}, "": {"executed_lines": [], "summary": {"covered_lines": 0, "num_statements": 14, "percent_covered": 0.0, "percent_covered_display": "0.00", "missing_lines": 14, "excluded_lines": 2}, "missing_lines": [8, 9, 10, 11, 12, 13, 15, 16, 19, 25, 48, 94, 123, 230], "excluded_lines": [246, 247]}}, "classes": {"": {"executed_lines": [], "summary": {"covered_lines": 0, "num_statements": 126, "percent_covered": 0.0, "percent_covered_display": "0.00", "missing_lines": 126, "excluded_lines": 2}, "missing_lines": [8, 9, 10, 11, 12, 13, 15, 16, 19, 21, 22, 25, 28, 31, 32, 35, 38, 41, 42, 45, 48, 50, 51, 52, 55, 67, 69, 71, 73, 74, 75, 76, 78, 79, 82, 83, 86, 87, 88, 89, 91, 94, 98, 99, 102, 103, 104, 105, 108, 111, 115, 116, 119, 120, 123, 126, 127, 128, 131, 133, 134, 137, 138, 141, 142, 143, 145, 146, 147, 149, 150, 151, 152, 154, 155, 156, 158, 159, 162, 163, 166, 167, 169, 170, 173, 174, 177, 178, 179, 182, 183, 184, 188, 191, 192, 193, 195, 198, 201, 202, 203, 206, 207, 208, 209, 212, 213, 214, 215, 216, 217, 219, 220, 223, 224, 225, 226, 227, 230, 231, 232, 234, 236, 238, 241, 243], "excluded_lines": [246, 247]}}}, "src\\rl\\dqn_agent.py": {"executed_lines": [1, 2, 3, 4, 5, 6, 7, 8, 9, 14, 23, 26, 35, 38, 39, 40, 41, 42, 43, 44, 45, 46, 47, 49, 55, 56, 57, 58, 59, 60, 61, 62, 63, 67, 68, 72, 73, 75, 76, 77, 78, 79, 80, 82, 84, 95, 96, 97, 98, 99, 100, 101, 103, 113, 115, 116, 117, 119, 120, 121, 122, 124, 125, 126, 127, 129, 135, 136, 138, 144, 146, 152, 153, 154, 155, 159, 160, 165, 171, 172, 173, 174, 176, 183, 184, 185, 186, 188, 198, 199, 200, 201, 202, 203, 205, 207, 213, 215, 222, 223, 224, 225, 226, 229, 236, 237, 238, 240, 249, 250, 251, 253, 254, 259, 268, 269, 270, 271, 272, 273, 274, 276, 282, 283, 285, 294, 295, 296, 297, 298, 299, 300, 301, 302, 303, 304, 305, 306, 307, 308, 309, 310, 311, 313, 320, 321, 322, 324, 325, 327, 328, 333, 340, 341, 342, 343, 344, 345, 346, 347, 349, 359, 360, 361, 362, 363, 364, 365, 366, 368, 374, 376, 385, 386, 387, 396, 397, 398, 399, 400, 401, 402, 403, 404, 405, 406, 407, 410, 411, 412, 413, 414, 415, 416, 417, 418, 419, 420, 421, 423, 433, 434, 435, 436, 437, 439, 445, 446, 448, 458, 460, 466, 467, 468, 469, 472, 473, 474, 477, 479, 480, 481, 483, 484, 486, 487, 488, 490, 491, 493, 499, 501, 507, 508], "summary": {"covered_lines": 228, "num_statements": 229, "percent_covered": 99.56331877729258, "percent_covered_display": "99.56", "missing_lines": 1, "excluded_lines": 0}, "missing_lines": [227], "excluded_lines": [], "functions": {"relu": {"executed_lines": [23], "summary": {"covered_lines": 1, "num_statements": 1, "percent_covered": 100.0, "percent_covered_display": "100.00", "missing_lines": 0, "excluded_lines": 0}, "missing_lines": [], "excluded_lines": []}, "relu_grad": {"executed_lines": [35], "summary": {"covered_lines": 1, "num_statements": 1, "percent_covered": 100.0, "percent_covered_display": "100.00", "missing_lines": 0, "excluded_lines": 0}, "missing_lines": [], "excluded_lines": []}, "Adam.__init__": {"executed_lines": [41, 42, 43, 44, 45, 46, 47], "summary": {"covered_lines": 7, "num_statements": 7, "percent_covered": 100.0, "percent_covered_display": "100.00", "missing_lines": 0, "excluded_lines": 0}, "missing_lines": [], "excluded_lines": []}, "Adam.step": {"executed_lines": [55, 56, 57, 58, 59, 60, 61, 62, 63], "summary": {"covered_lines": 9, "num_statements": 9, "percent_covered": 100.0, "percent_covered_display": "100.00", "missing_lines": 0, "excluded_lines": 0}, "missing_lines": [], "excluded_lines": []}, "QNet.__init__": {"executed_lines": [73, 75, 76, 77, 78, 79, 80, 82], "summary": {"covered_lines": 8, "num_statements": 8, "percent_covered": 100.0, "percent_covered_display": "100.00", "missing_lines": 0, "excluded_lines": 0}, "missing_lines": [], "excluded_lines": []}, "QNet.forward": {"executed_lines": [95, 96, 97, 98, 99, 100, 101], "summary": {"covered_lines": 7, "num_statements": 7, "percent_covered": 100.0, "percent_covered_display": "100.00", "missing_lines": 0, "excluded_lines": 0}, "missing_lines": [], "excluded_lines": []}, "QNet.backward": {"executed_lines": [113, 115, 116, 117, 119, 120, 121, 122, 124, 125, 126, 127], "summary": {"covered_lines": 12, "num_statements": 12, "percent_covered": 100.0, "percent_covered_display": "100.00", "missing_lines": 0, "excluded_lines": 0}, "missing_lines": [], "excluded_lines": []}, "QNet.copy_from": {"executed_lines": [135, 136], "summary": {"covered_lines": 2, "num_statements": 2, "percent_covered": 100.0, "percent_covered_display": "100.00", "missing_lines": 0, "excluded_lines": 0}, "missing_lines": [], "excluded_lines": []}, "QNet.save": {"executed_lines": [144], "summary": {"covered_lines": 1, "num_statements": 1, "percent_covered": 100.0, "percent_covered_display": "100.00", "missing_lines": 0, "excluded_lines": 0}, "missing_lines": [], "excluded_lines": []}, "QNet.load": {"executed_lines": [152, 153, 154, 155], "summary": {"covered_lines": 4, "num_statements": 4, "percent_covered": 100.0, "percent_covered_display": "100.00", "missing_lines": 0, "excluded_lines": 0}, "missing_lines": [], "excluded_lines": []}, "SumTree.__init__": {"executed_lines": [171, 172, 173, 174], "summary": {"covered_lines": 4, "num_statements": 4, "percent_covered": 100.0, "percent_covered_display": "100.00", "missing_lines": 0, "excluded_lines": 0}, "missing_lines": [], "excluded_lines": []}, "SumTree._propagate": {"executed_lines": [183, 184, 185, 186], "summary": {"covered_lines": 4, "num_statements": 4, "percent_covered": 100.0, "percent_covered_display": "100.00", "missing_lines": 0, "excluded_lines": 0}, "missing_lines": [], "excluded_lines": []}, "SumTree._retrieve": {"executed_lines": [198, 199, 200, 201, 202, 203, 205], "summary": {"covered_lines": 7, "num_statements": 7, "percent_covered": 100.0, "percent_covered_display": "100.00", "missing_lines": 0, "excluded_lines": 0}, "missing_lines": [], "excluded_lines": []}, "SumTree.total": {"executed_lines": [213], "summary": {"covered_lines": 1, "num_statements": 1, "percent_covered": 100.0, "percent_covered_display": "100.00", "missing_lines": 0, "excluded_lines": 0}, "missing_lines": [], "excluded_lines": []}, "SumTree.add": {"executed_lines": [222, 223, 224, 225, 226], "summary": {"covered_lines": 5, "num_statements": 6, "percent_covered": 83.33333333333333, "percent_covered_display": "83.33", "missing_lines": 1, "excluded_lines": 0}, "missing_lines": [227], "excluded_lines": []}, "SumTree.update": {"executed_lines": [236, 237, 238], "summary": {"covered_lines": 3, "num_statements": 3, "percent_covered": 100.0, "percent_covered_display": "100.00", "missing_lines": 0, "excluded_lines": 0}, "missing_lines": [], "excluded_lines": []}, "SumTree.get": {"executed_lines": [249, 250, 251], "summary": {"covered_lines": 3, "num_statements": 3, "percent_covered": 100.0, "percent_covered_display": "100.00", "missing_lines": 0, "excluded_lines": 0}, "missing_lines": [], "excluded_lines": []}, "PrioritizedReplayBuffer.__init__": {"executed_lines": [268, 269, 270, 271, 272, 273, 274], "summary": {"covered_lines": 7, "num_statements": 7, "percent_covered": 100.0, "percent_covered_display": "100.00", "missing_lines": 0, "excluded_lines": 0}, "missing_lines": [], "excluded_lines": []}, "PrioritizedReplayBuffer.add": {"executed_lines": [282, 283], "summary": {"covered_lines": 2, "num_statements": 2, "percent_covered": 100.0, "percent_covered_display": "100.00", "missing_lines": 0, "excluded_lines": 0}, "missing_lines": [], "excluded_lines": []}, "PrioritizedReplayBuffer.sample": {"executed_lines": [294, 295, 296, 297, 298, 299, 300, 301, 302, 303, 304, 305, 306, 307, 308, 309, 310, 311], "summary": {"covered_lines": 18, "num_statements": 18, "percent_covered": 100.0, "percent_covered_display": "100.00", "missing_lines": 0, "excluded_lines": 0}, "missing_lines": [], "excluded_lines": []}, "PrioritizedReplayBuffer.update": {"executed_lines": [320, 321, 322], "summary": {"covered_lines": 3, "num_statements": 3, "percent_covered": 100.0, "percent_covered_display": "100.00", "missing_lines": 0, "excluded_lines": 0}, "missing_lines": [], "excluded_lines": []}, "PrioritizedReplayBuffer.__len__": {"executed_lines": [325], "summary": {"covered_lines": 1, "num_statements": 1, "percent_covered": 100.0, "percent_covered_display": "100.00", "missing_lines": 0, "excluded_lines": 0}, "missing_lines": [], "excluded_lines": []}, "ReplayBuffer.__init__": {"executed_lines": [340, 341, 342, 343, 344, 345, 346, 347], "summary": {"covered_lines": 8, "num_statements": 8, "percent_covered": 100.0, "percent_covered_display": "100.00", "missing_lines": 0, "excluded_lines": 0}, "missing_lines": [], "excluded_lines": []}, "ReplayBuffer.add": {"executed_lines": [359, 360, 361, 362, 363, 364, 365, 366], "summary": {"covered_lines": 8, "num_statements": 8, "percent_covered": 100.0, "percent_covered_display": "100.00", "missing_lines": 0, "excluded_lines": 0}, "missing_lines": [], "excluded_lines": []}, "ReplayBuffer.size": {"executed_lines": [374], "summary": {"covered_lines": 1, "num_statements": 1, "percent_covered": 100.0, "percent_covered_display": "100.00", "missing_lines": 0, "excluded_lines": 0}, "missing_lines": [], "excluded_lines": []}, "ReplayBuffer.sample": {"executed_lines": [385, 386, 387], "summary": {"covered_lines": 3, "num_statements": 3, "percent_covered": 100.0, "percent_covered_display": "100.00", "missing_lines": 0, "excluded_lines": 0}, "missing_lines": [], "excluded_lines": []}, "DQNAgent.__init__": {"executed_lines": [413, 414, 415, 416, 417, 418, 419, 420, 421], "summary": {"covered_lines": 9, "num_statements": 9, "percent_covered": 100.0, "percent_covered_display": "100.00", "missing_lines": 0, "excluded_lines": 0}, "missing_lines": [], "excluded_lines": []}, "DQNAgent.select_action": {"executed_lines": [433, 434, 435, 436, 437], "summary": {"covered_lines": 5, "num_statements": 5, "percent_covered": 100.0, "percent_covered_display": "100.00", "missing_lines": 0, "excluded_lines": 0}, "missing_lines": [], "excluded_lines": []}, "DQNAgent._epsilon": {"executed_lines": [445, 446], "summary": {"covered_lines": 2, "num_statements": 2, "percent_covered": 100.0, "percent_covered_display": "100.00", "missing_lines": 0, "excluded_lines": 0}, "missing_lines": [], "excluded_lines": []}, "DQNAgent.push": {"executed_lines": [458], "summary": {"covered_lines": 1, "num_statements": 1, "percent_covered": 100.0, "percent_covered_display": "100.00", "missing_lines": 0, "excluded_lines": 0}, "missing_lines": [], "excluded_lines": []}, "DQNAgent.train_step": {"executed_lines": [466, 467, 468, 469, 472, 473, 474, 477, 479, 480, 481, 483, 484, 486, 487, 488, 490, 491], "summary": {"covered_lines": 18, "num_statements": 18, "percent_covered": 100.0, "percent_covered_display": "100.00", "missing_lines": 0, "excluded_lines": 0}, "missing_lines": [], "excluded_lines": []}, "DQNAgent.save": {"executed_lines": [499], "summary": {"covered_lines": 1, "num_statements": 1, "percent_covered": 100.0, "percent_covered_display": "100.00", "missing_lines": 0, "excluded_lines": 0}, "missing_lines": [], "excluded_lines": []}, "DQNAgent.load": {"executed_lines": [507, 508], "summary": {"covered_lines": 2, "num_statements": 2, "percent_covered": 100.0, "percent_covered_display": "100.00", "missing_lines": 0, "excluded_lines": 0}, "missing_lines": [], "excluded_lines": []}, "": {"executed_lines": [1, 2, 3, 4, 5, 6, 7, 8, 9, 14, 26, 38, 39, 40, 49, 67, 68, 72, 84, 103, 129, 138, 146, 159, 160, 165, 176, 188, 207, 215, 229, 240, 253, 254, 259, 276, 285, 313, 324, 327, 328, 333, 349, 368, 376, 396, 397, 398, 399, 400, 401, 402, 403, 404, 405, 406, 407, 410, 411, 412, 423, 439, 448, 460, 493, 501], "summary": {"covered_lines": 60, "num_statements": 60, "percent_covered": 100.0, "percent_covered_display": "100.00", "missing_lines": 0, "excluded_lines": 0}, "missing_lines": [], "excluded_lines": []}}, "classes": {"Adam": {"executed_lines": [41, 42, 43, 44, 45, 46, 47, 55, 56, 57, 58, 59, 60, 61, 62, 63], "summary": {"covered_lines": 16, "num_statements": 16, "percent_covered": 100.0, "percent_covered_display": "100.00", "missing_lines": 0, "excluded_lines": 0}, "missing_lines": [], "excluded_lines": []}, "QNet": {"executed_lines": [73, 75, 76, 77, 78, 79, 80, 82, 95, 96, 97, 98, 99, 100, 101, 113, 115, 116, 117, 119, 120, 121, 122, 124, 125, 126, 127, 135, 136, 144, 152, 153, 154, 155], "summary": {"covered_lines": 34, "num_statements": 34, "percent_covered": 100.0, "percent_covered_display": "100.00", "missing_lines": 0, "excluded_lines": 0}, "missing_lines": [], "excluded_lines": []}, "SumTree": {"executed_lines": [171, 172, 173, 174, 183, 184, 185, 186, 198, 199, 200, 201, 202, 203, 205, 213, 222, 223, 224, 225, 226, 236, 237, 238, 249, 250, 251], "summary": {"covered_lines": 27, "num_statements": 28, "percent_covered": 96.42857142857143, "percent_covered_display": "96.43", "missing_lines": 1, "excluded_lines": 0}, "missing_lines": [227], "excluded_lines": []}, "PrioritizedReplayBuffer": {"executed_lines": [268, 269, 270, 271, 272, 273, 274, 282, 283, 294, 295, 296, 297, 298, 299, 300, 301, 302, 303, 304, 305, 306, 307, 308, 309, 310, 311, 320, 321, 322, 325], "summary": {"covered_lines": 31, "num_statements": 31, "percent_covered": 100.0, "percent_covered_display": "100.00", "missing_lines": 0, "excluded_lines": 0}, "missing_lines": [], "excluded_lines": []}, "ReplayBuffer": {"executed_lines": [340, 341, 342, 343, 344, 345, 346, 347, 359, 360, 361, 362, 363, 364, 365, 366, 374, 385, 386, 387], "summary": {"covered_lines": 20, "num_statements": 20, "percent_covered": 100.0, "percent_covered_display": "100.00", "missing_lines": 0, "excluded_lines": 0}, "missing_lines": [], "excluded_lines": []}, "DQNConfig": {"executed_lines": [], "summary": {"covered_lines": 0, "num_statements": 0, "percent_covered": 100.0, "percent_covered_display": "100.00", "missing_lines": 0, "excluded_lines": 0}, "missing_lines": [], "excluded_lines": []}, "DQNAgent": {"executed_lines": [413, 414, 415, 416, 417, 418, 419, 420, 421, 433, 434, 435, 436, 437, 445, 446, 458, 466, 467, 468, 469, 472, 473, 474, 477, 479, 480, 481, 483, 484, 486, 487, 488, 490, 491, 499, 507, 508], "summary": {"covered_lines": 38, "num_statements": 38, "percent_covered": 100.0, "percent_covered_display": "100.00", "missing_lines": 0, "excluded_lines": 0}, "missing_lines": [], "excluded_lines": []}, "": {"executed_lines": [1, 2, 3, 4, 5, 6, 7, 8, 9, 14, 23, 26, 35, 38, 39, 40, 49, 67, 68, 72, 84, 103, 129, 138, 146, 159, 160, 165, 176, 188, 207, 215, 229, 240, 253, 254, 259, 276, 285, 313, 324, 327, 328, 333, 349, 368, 376, 396, 397, 398, 399, 400, 401, 402, 403, 404, 405, 406, 407, 410, 411, 412, 423, 439, 448, 460, 493, 501], "summary": {"covered_lines": 62, "num_statements": 62, "percent_covered": 100.0, "percent_covered_display": "100.00", "missing_lines": 0, "excluded_lines": 0}, "missing_lines": [], "excluded_lines": []}}}, "src\\rl\\inference.py": {"executed_lines": [], "summary": {"covered_lines": 0, "num_statements": 194, "percent_covered": 0.0, "percent_covered_display": "0.00", "missing_lines": 194, "excluded_lines": 27}, "missing_lines": [1, 2, 3, 4, 5, 6, 7, 8, 10, 13, 14, 15, 18, 19, 20, 21, 22, 23, 24, 25, 32, 34, 35, 37, 38, 39, 40, 41, 42, 48, 55, 56, 57, 58, 59, 60, 61, 62, 63, 65, 67, 79, 84, 85, 86, 95, 98, 103, 116, 118, 119, 120, 121, 122, 123, 124, 125, 126, 127, 128, 129, 130, 131, 132, 133, 134, 135, 136, 137, 138, 139, 140, 141, 142, 143, 144, 145, 146, 147, 148, 149, 150, 151, 152, 153, 154, 155, 156, 157, 158, 159, 160, 161, 162, 163, 164, 165, 166, 167, 168, 169, 170, 171, 172, 173, 174, 175, 176, 177, 178, 179, 180, 181, 182, 183, 184, 185, 186, 187, 188, 189, 190, 191, 192, 193, 194, 195, 196, 197, 198, 199, 200, 201, 202, 203, 204, 205, 206, 207, 208, 210, 213, 223, 226, 227, 230, 231, 232, 234, 235, 236, 237, 239, 240, 241, 242, 243, 244, 245, 246, 247, 248, 249, 250, 251, 252, 253, 254, 255, 256, 257, 258, 259, 260, 261, 262, 263, 264, 266, 268, 269, 270, 271, 272, 273, 274, 275, 277, 280, 281, 282, 283, 284, 285], "excluded_lines": [288, 289, 290, 293, 294, 295, 296, 297, 298, 301, 302, 303, 304, 305, 306, 307, 308, 309, 310, 312, 315, 317, 319, 320, 321, 332, 333], "functions": {"load_config": {"executed_lines": [], "summary": {"covered_lines": 0, "num_statements": 2, "percent_covered": 0.0, "percent_covered_display": "0.00", "missing_lines": 2, "excluded_lines": 0}, "missing_lines": [34, 35], "excluded_lines": []}, "make_env": {"executed_lines": [], "summary": {"covered_lines": 0, "num_statements": 5, "percent_covered": 0.0, "percent_covered_display": "0.00", "missing_lines": 5, "excluded_lines": 0}, "missing_lines": [38, 39, 40, 41, 42], "excluded_lines": []}, "create_video_config": {"executed_lines": [], "summary": {"covered_lines": 0, "num_statements": 11, "percent_covered": 0.0, "percent_covered_display": "0.00", "missing_lines": 11, "excluded_lines": 0}, "missing_lines": [55, 56, 57, 58, 59, 60, 61, 62, 63, 65, 67], "excluded_lines": []}, "setup_vision_system": {"executed_lines": [], "summary": {"covered_lines": 0, "num_statements": 4, "percent_covered": 0.0, "percent_covered_display": "0.00", "missing_lines": 4, "excluded_lines": 0}, "missing_lines": [84, 85, 86, 95], "excluded_lines": []}, "create_video_environment": {"executed_lines": [], "summary": {"covered_lines": 0, "num_statements": 1, "percent_covered": 0.0, "percent_covered_display": "0.00", "missing_lines": 1, "excluded_lines": 0}, "missing_lines": [103], "excluded_lines": []}, "run_inference": {"executed_lines": [], "summary": {"covered_lines": 0, "num_statements": 92, "percent_covered": 0.0, "percent_covered_display": "0.00", "missing_lines": 92, "excluded_lines": 0}, "missing_lines": [118, 119, 120, 121, 122, 123, 124, 125, 126, 127, 128, 129, 130, 131, 132, 133, 134, 135, 136, 137, 138, 139, 140, 141, 142, 143, 144, 145, 146, 147, 148, 149, 150, 151, 152, 153, 154, 155, 156, 157, 158, 159, 160, 161, 162, 163, 164, 165, 166, 167, 168, 169, 170, 171, 172, 173, 174, 175, 176, 177, 178, 179, 180, 181, 182, 183, 184, 185, 186, 187, 188, 189, 190, 191, 192, 193, 194, 195, 196, 197, 198, 199, 200, 201, 202, 203, 204, 205, 206, 207, 208, 210], "excluded_lines": []}, "run_video_inference": {"executed_lines": [], "summary": {"covered_lines": 0, "num_statements": 52, "percent_covered": 0.0, "percent_covered_display": "0.00", "missing_lines": 52, "excluded_lines": 0}, "missing_lines": [223, 226, 227, 230, 231, 232, 234, 235, 236, 237, 239, 240, 241, 242, 243, 244, 245, 246, 247, 248, 249, 250, 251, 252, 253, 254, 255, 256, 257, 258, 259, 260, 261, 262, 263, 264, 266, 268, 269, 270, 271, 272, 273, 274, 275, 277, 280, 281, 282, 283, 284, 285], "excluded_lines": []}, "": {"executed_lines": [], "summary": {"covered_lines": 0, "num_statements": 27, "percent_covered": 0.0, "percent_covered_display": "0.00", "missing_lines": 27, "excluded_lines": 27}, "missing_lines": [1, 2, 3, 4, 5, 6, 7, 8, 10, 13, 14, 15, 18, 19, 20, 21, 22, 23, 24, 25, 32, 37, 48, 79, 98, 116, 213], "excluded_lines": [288, 289, 290, 293, 294, 295, 296, 297, 298, 301, 302, 303, 304, 305, 306, 307, 308, 309, 310, 312, 315, 317, 319, 320, 321, 332, 333]}}, "classes": {"": {"executed_lines": [], "summary": {"covered_lines": 0, "num_statements": 194, "percent_covered": 0.0, "percent_covered_display": "0.00", "missing_lines": 194, "excluded_lines": 27}, "missing_lines": [1, 2, 3, 4, 5, 6, 7, 8, 10, 13, 14, 15, 18, 19, 20, 21, 22, 23, 24, 25, 32, 34, 35, 37, 38, 39, 40, 41, 42, 48, 55, 56, 57, 58, 59, 60, 61, 62, 63, 65, 67, 79, 84, 85, 86, 95, 98, 103, 116, 118, 119, 120, 121, 122, 123, 124, 125, 126, 127, 128, 129, 130, 131, 132, 133, 134, 135, 136, 137, 138, 139, 140, 141, 142, 143, 144, 145, 146, 147, 148, 149, 150, 151, 152, 153, 154, 155, 156, 157, 158, 159, 160, 161, 162, 163, 164, 165, 166, 167, 168, 169, 170, 171, 172, 173, 174, 175, 176, 177, 178, 179, 180, 181, 182, 183, 184, 185, 186, 187, 188, 189, 190, 191, 192, 193, 194, 195, 196, 197, 198, 199, 200, 201, 202, 203, 204, 205, 206, 207, 208, 210, 213, 223, 226, 227, 230, 231, 232, 234, 235, 236, 237, 239, 240, 241, 242, 243, 244, 245, 246, 247, 248, 249, 250, 251, 252, 253, 254, 255, 256, 257, 258, 259, 260, 261, 262, 263, 264, 266, 268, 269, 270, 271, 272, 273, 274, 275, 277, 280, 281, 282, 283, 284, 285], "excluded_lines": [288, 289, 290, 293, 294, 295, 296, 297, 298, 301, 302, 303, 304, 305, 306, 307, 308, 309, 310, 312, 315, 317, 319, 320, 321, 332, 333]}}}, "src\\rl\\inference_viz.py": {"executed_lines": [], "summary": {"covered_lines": 0, "num_statements": 153, "percent_covered": 0.0, "percent_covered_display": "0.00", "missing_lines": 153, "excluded_lines": 13}, "missing_lines": [11, 12, 13, 14, 15, 16, 17, 20, 21, 22, 23, 26, 28, 29, 32, 34, 35, 36, 37, 38, 39, 40, 41, 42, 44, 46, 58, 60, 61, 62, 71, 74, 79, 88, 109, 110, 113, 116, 117, 120, 124, 125, 127, 128, 132, 133, 135, 137, 138, 139, 141, 144, 145, 147, 148, 152, 153, 154, 157, 158, 159, 161, 165, 166, 167, 169, 171, 172, 175, 178, 200, 203, 204, 207, 208, 210, 211, 212, 213, 214, 216, 217, 219, 221, 223, 224, 225, 228, 229, 232, 233, 236, 237, 239, 241, 242, 244, 245, 246, 247, 249, 252, 253, 256, 261, 262, 263, 264, 265, 268, 269, 270, 272, 273, 274, 276, 277, 278, 279, 282, 283, 284, 285, 286, 288, 291, 292, 295, 296, 297, 298, 299, 302, 303, 311, 312, 315, 316, 317, 318, 321, 322, 323, 324, 325, 326, 330, 331, 332, 333, 334, 335, 336], "excluded_lines": [339, 340, 341, 342, 343, 344, 345, 346, 347, 348, 349, 351, 353], "functions": {"load_config": {"executed_lines": [], "summary": {"covered_lines": 0, "num_statements": 2, "percent_covered": 0.0, "percent_covered_display": "0.00", "missing_lines": 2, "excluded_lines": 0}, "missing_lines": [28, 29], "excluded_lines": []}, "create_video_config": {"executed_lines": [], "summary": {"covered_lines": 0, "num_statements": 11, "percent_covered": 0.0, "percent_covered_display": "0.00", "missing_lines": 11, "excluded_lines": 0}, "missing_lines": [34, 35, 36, 37, 38, 39, 40, 41, 42, 44, 46], "excluded_lines": []}, "setup_vision_system": {"executed_lines": [], "summary": {"covered_lines": 0, "num_statements": 4, "percent_covered": 0.0, "percent_covered_display": "0.00", "missing_lines": 4, "excluded_lines": 0}, "missing_lines": [60, 61, 62, 71], "excluded_lines": []}, "create_video_environment": {"executed_lines": [], "summary": {"covered_lines": 0, "num_statements": 1, "percent_covered": 0.0, "percent_covered_display": "0.00", "missing_lines": 1, "excluded_lines": 0}, "missing_lines": [79], "excluded_lines": []}, "draw_inference_overlay": {"executed_lines": [], "summary": {"covered_lines": 0, "num_statements": 35, "percent_covered": 0.0, "percent_covered_display": "0.00", "missing_lines": 35, "excluded_lines": 0}, "missing_lines": [109, 110, 113, 116, 117, 120, 124, 125, 127, 128, 132, 133, 135, 137, 138, 139, 141, 144, 145, 147, 148, 152, 153, 154, 157, 158, 159, 161, 165, 166, 167, 169, 171, 172, 175], "excluded_lines": []}, "run_visual_inference": {"executed_lines": [], "summary": {"covered_lines": 0, "num_statements": 83, "percent_covered": 0.0, "percent_covered_display": "0.00", "missing_lines": 83, "excluded_lines": 0}, "missing_lines": [200, 203, 204, 207, 208, 210, 211, 212, 213, 214, 216, 217, 219, 221, 223, 224, 225, 228, 229, 232, 233, 236, 237, 239, 241, 242, 244, 245, 246, 247, 249, 252, 253, 256, 261, 262, 263, 264, 265, 268, 269, 270, 272, 273, 274, 276, 277, 278, 279, 282, 283, 284, 285, 286, 288, 291, 292, 295, 296, 297, 298, 299, 302, 303, 311, 312, 315, 316, 317, 318, 321, 322, 323, 324, 325, 326, 330, 331, 332, 333, 334, 335, 336], "excluded_lines": []}, "": {"executed_lines": [], "summary": {"covered_lines": 0, "num_statements": 17, "percent_covered": 0.0, "percent_covered_display": "0.00", "missing_lines": 17, "excluded_lines": 13}, "missing_lines": [11, 12, 13, 14, 15, 16, 17, 20, 21, 22, 23, 26, 32, 58, 74, 88, 178], "excluded_lines": [339, 340, 341, 342, 343, 344, 345, 346, 347, 348, 349, 351, 353]}}, "classes": {"": {"executed_lines": [], "summary": {"covered_lines": 0, "num_statements": 153, "percent_covered": 0.0, "percent_covered_display": "0.00", "missing_lines": 153, "excluded_lines": 13}, "missing_lines": [11, 12, 13, 14, 15, 16, 17, 20, 21, 22, 23, 26, 28, 29, 3
[...]
3, 376, 405, 453, 475, 497, 518], "summary": {"covered_lines": 42, "num_statements": 50, "percent_covered": 84.0, "percent_covered_display": "84.00", "missing_lines": 8, "excluded_lines": 0}, "missing_lines": [24, 25, 30, 31, 36, 37, 42, 43], "excluded_lines": []}}, "classes": {"": {"executed_lines": [1, 7, 8, 9, 10, 11, 12, 13, 14, 15, 18, 21, 22, 23, 27, 28, 29, 33, 34, 35, 39, 40, 41, 46, 55, 56, 57, 60, 95, 110, 130, 145, 165, 172, 175, 176, 177, 178, 181, 190, 193, 194, 197, 198, 199, 202, 213, 216, 217, 220, 224, 229, 233, 234, 237, 278, 305, 336, 353, 376, 405, 453, 475, 497, 518], "summary": {"covered_lines": 64, "num_statements": 250, "percent_covered": 25.6, "percent_covered_display": "25.60", "missing_lines": 186, "excluded_lines": 0}, "missing_lines": [24, 25, 30, 31, 36, 37, 42, 43, 68, 69, 72, 73, 74, 76, 78, 79, 82, 83, 84, 85, 87, 88, 90, 91, 92, 103, 104, 106, 107, 119, 120, 121, 123, 124, 126, 127, 138, 139, 141, 142, 154, 155, 156, 158, 159, 161, 162, 173, 191, 195, 214, 225, 226, 227, 230, 250, 251, 253, 254, 255, 258, 261, 264, 265, 266, 267, 268, 270, 273, 274, 275, 288, 289, 291, 292, 293, 296, 297, 300, 302, 317, 318, 319, 321, 322, 323, 324, 326, 327, 328, 329, 330, 332, 333, 343, 344, 346, 347, 349, 350, 362, 363, 365, 366, 367, 369, 370, 372, 373, 384, 385, 387, 388, 390, 391, 392, 393, 394, 395, 396, 397, 398, 400, 402, 416, 417, 419, 420, 421, 424, 425, 426, 427, 428, 429, 430, 431, 432, 433, 435, 437, 438, 439, 440, 441, 442, 443, 444, 445, 447, 449, 450, 461, 462, 464, 465, 467, 468, 470, 471, 472, 483, 484, 486, 487, 489, 490, 492, 493, 494, 508, 509, 510, 512, 513, 515, 528, 529, 530, 532, 534, 535, 538, 539, 540, 541], "excluded_lines": []}}}, "src\\utils\\metrics.py": {"executed_lines": [], "summary": {"covered_lines": 0, "num_statements": 320, "percent_covered": 0.0, "percent_covered_display": "0.00", "missing_lines": 320, "excluded_lines": 0}, "missing_lines": [8, 9, 10, 11, 12, 13, 16, 19, 20, 21, 22, 23, 24, 25, 27, 28, 29, 30, 31, 32, 33, 34, 35, 36, 38, 39, 40, 41, 42, 44, 45, 46, 47, 48, 51, 53, 56, 63, 69, 70, 71, 74, 75, 77, 88, 90, 101, 103, 116, 118, 129, 131, 145, 147, 148, 149, 151, 153, 156, 157, 158, 159, 160, 161, 162, 163, 164, 166, 168, 169, 171, 181, 182, 184, 185, 186, 187, 188, 190, 202, 203, 205, 206, 207, 208, 209, 212, 215, 223, 224, 225, 226, 228, 235, 236, 238, 245, 246, 248, 255, 256, 258, 265, 266, 267, 268, 270, 279, 280, 282, 283, 284, 285, 287, 290, 297, 303, 304, 307, 308, 310, 319, 320, 322, 324, 325, 328, 329, 330, 331, 334, 337, 339, 340, 341, 343, 352, 353, 355, 357, 358, 368, 370, 371, 373, 374, 375, 376, 377, 379, 389, 390, 391, 392, 393, 394, 395, 396, 397, 398, 399, 400, 401, 402, 403, 406, 409, 415, 416, 417, 419, 426, 428, 434, 436, 442, 444, 446, 448, 449, 451, 452, 455, 462, 468, 471, 472, 473, 476, 477, 478, 481, 482, 484, 490, 491, 493, 494, 495, 496, 497, 498, 499, 501, 507, 508, 510, 511, 512, 513, 514, 515, 516, 517, 519, 528, 529, 531, 532, 534, 535, 536, 537, 538, 539, 540, 541, 542, 544, 546, 552, 553, 555, 556, 557, 559, 560, 561, 562, 564, 565, 567, 572, 573, 574, 575, 577, 586, 589, 590, 591, 594, 595, 596, 599, 600, 601, 604, 605, 606, 608, 611, 618, 624, 627, 628, 634, 637, 638, 639, 642, 643, 647, 650, 651, 652, 654, 655, 664, 665, 666, 668, 669, 670, 672, 679, 681, 688, 689, 691, 697, 699, 706, 707, 709, 715, 717, 726, 727, 728, 731, 741, 754, 755, 756, 773, 776, 777, 779, 782, 788, 791, 821, 824, 854, 857, 880, 883, 906, 908], "excluded_lines": [], "functions": {"MetricsRegistry.__init__": {"executed_lines": [], "summary": {"covered_lines": 0, "num_statements": 5, "percent_covered": 0.0, "percent_covered_display": "0.00", "missing_lines": 5, "excluded_lines": 0}, "missing_lines": [69, 70, 71, 74, 75], "excluded_lines": []}, "MetricsRegistry.counter": {"executed_lines": [], "summary": {"covered_lines": 0, "num_statements": 1, "percent_covered": 0.0, "percent_covered_display": "0.00", "missing_lines": 1, "excluded_lines": 0}, "missing_lines": [88], "excluded_lines": []}, "MetricsRegistry.gauge": {"executed_lines": [], "summary": {"covered_lines": 0, "num_statements": 1, "percent_covered": 0.0, "percent_covered_display": "0.00", "missing_lines": 1, "excluded_lines": 0}, "missing_lines": [101], "excluded_lines": []}, "MetricsRegistry.histogram": {"executed_lines": [], "summary": {"covered_lines": 0, "num_statements": 1, "percent_covered": 0.0, "percent_covered_display": "0.00", "missing_lines": 1, "excluded_lines": 0}, "missing_lines": [116], "excluded_lines": []}, "MetricsRegistry.summary": {"executed_lines": [], "summary": {"covered_lines": 0, "num_statements": 1, "percent_covered": 0.0, "percent_covered_display": "0.00", "missing_lines": 1, "excluded_lines": 0}, "missing_lines": [129], "excluded_lines": []}, "MetricsRegistry._get_or_create_metric": {"executed_lines": [], "summary": {"covered_lines": 0, "num_statements": 18, "percent_covered": 0.0, "percent_covered_display": "0.00", "missing_lines": 18, "excluded_lines": 0}, "missing_lines": [145, 147, 148, 149, 151, 153, 156, 157, 158, 159, 160, 161, 162, 163, 164, 166, 168, 169], "excluded_lines": []}, "MetricsRegistry.start_http_server": {"executed_lines": [], "summary": {"covered_lines": 0, "num_statements": 7, "percent_covered": 0.0, "percent_covered_display": "0.00", "missing_lines": 7, "excluded_lines": 0}, "missing_lines": [181, 182, 184, 185, 186, 187, 188], "excluded_lines": []}, "MetricsRegistry.push_to_gateway": {"executed_lines": [], "summary": {"covered_lines": 0, "num_statements": 7, "percent_covered": 0.0, "percent_covered_display": "0.00", "missing_lines": 7, "excluded_lines": 0}, "missing_lines": [202, 203, 205, 206, 207, 208, 209], "excluded_lines": []}, "DummyMetric.__init__": {"executed_lines": [], "summary": {"covered_lines": 0, "num_statements": 4, "percent_covered": 0.0, "percent_covered_display": "0.00", "missing_lines": 4, "excluded_lines": 0}, "missing_lines": [223, 224, 225, 226], "excluded_lines": []}, "DummyMetric.inc": {"executed_lines": [], "summary": {"covered_lines": 0, "num_statements": 2, "percent_covered": 0.0, "percent_covered_display": "0.00", "missing_lines": 2, "excluded_lines": 0}, "missing_lines": [235, 236], "excluded_lines": []}, "DummyMetric.dec": {"executed_lines": [], "summary": {"covered_lines": 0, "num_statements": 2, "percent_covered": 0.0, "percent_covered_display": "0.00", "missing_lines": 2, "excluded_lines": 0}, "missing_lines": [245, 246], "excluded_lines": []}, "DummyMetric.set": {"executed_lines": [], "summary": {"covered_lines": 0, "num_statements": 2, "percent_covered": 0.0, "percent_covered_display": "0.00", "missing_lines": 2, "excluded_lines": 0}, "missing_lines": [255, 256], "excluded_lines": []}, "DummyMetric.observe": {"executed_lines": [], "summary": {"covered_lines": 0, "num_statements": 4, "percent_covered": 0.0, "percent_covered_display": "0.00", "missing_lines": 4, "excluded_lines": 0}, "missing_lines": [265, 266, 267, 268], "excluded_lines": []}, "DummyMetric._get_key": {"executed_lines": [], "summary": {"covered_lines": 0, "num_statements": 7, "percent_covered": 0.0, "percent_covered_display": "0.00", "missing_lines": 7, "excluded_lines": 0}, "missing_lines": [279, 280, 282, 283, 284, 285, 287], "excluded_lines": []}, "TracingManager.__init__": {"executed_lines": [], "summary": {"covered_lines": 0, "num_statements": 4, "percent_covered": 0.0, "percent_covered_display": "0.00", "missing_lines": 4, "excluded_lines": 0}, "missing_lines": [303, 304, 307, 308], "excluded_lines": []}, "TracingManager.setup_tracing": {"executed_lines": [], "summary": {"covered_lines": 0, "num_statements": 14, "percent_covered": 0.0, "percent_covered_display": "0.00", "missing_lines": 14, "excluded_lines": 0}, "missing_lines": [319, 320, 322, 324, 325, 328, 329, 330, 331, 334, 337, 339, 340, 341], "excluded_lines": []}, "TracingManager.get_tracer": {"executed_lines": [], "summary": {"covered_lines": 0, "num_statements": 3, "percent_covered": 0.0, "percent_covered_display": "0.00", "missing_lines": 3, "excluded_lines": 0}, "missing_lines": [352, 353, 355], "excluded_lines": []}, "TracingManager.span": {"executed_lines": [], "summary": {"covered_lines": 0, "num_statements": 8, "percent_covered": 0.0, "percent_covered_display": "0.00", "missing_lines": 8, "excluded_lines": 0}, "missing_lines": [368, 370, 371, 373, 374, 375, 376, 377], "excluded_lines": []}, "TracingManager.trace": {"executed_lines": [], "summary": {"covered_lines": 0, "num_statements": 3, "percent_covered": 0.0, "percent_covered_display": "0.00", "missing_lines": 3, "excluded_lines": 0}, "missing_lines": [389, 390, 403], "excluded_lines": []}, "TracingManager.trace.decorator": {"executed_lines": [], "summary": {"covered_lines": 0, "num_statements": 2, "percent_covered": 0.0, "percent_covered_display": "0.00", "missing_lines": 2, "excluded_lines": 0}, "missing_lines": [391, 402], "excluded_lines": []}, "TracingManager.trace.decorator.wrapper": {"executed_lines": [], "summary": {"covered_lines": 0, "num_statements": 10, "percent_covered": 0.0, "percent_covered_display": "0.00", "missing_lines": 10, "excluded_lines": 0}, "missing_lines": [392, 393, 394, 395, 396, 397, 398, 399, 400, 401], "excluded_lines": []}, "DummySpan.__init__": {"executed_lines": [], "summary": {"covered_lines": 0, "num_statements": 3, "percent_covered": 0.0, "percent_covered_display": "0.00", "missing_lines": 3, "excluded_lines": 0}, "missing_lines": [415, 416, 417], "excluded_lines": []}, "DummySpan.set_attribute": {"executed_lines": [], "summary": {"covered_lines": 0, "num_statements": 1, "percent_covered": 0.0, "percent_covered_display": "0.00", "missing_lines": 1, "excluded_lines": 0}, "missing_lines": [426], "excluded_lines": []}, "DummySpan.set_status": {"executed_lines": [], "summary": {"covered_lines": 0, "num_statements": 1, "percent_covered": 0.0, "percent_covered_display": "0.00", "missing_lines": 1, "excluded_lines": 0}, "missing_lines": [434], "excluded_lines": []}, "DummySpan.record_exception": {"executed_lines": [], "summary": {"covered_lines": 0, "num_statements": 1, "percent_covered": 0.0, "percent_covered_display": "0.00", "missing_lines": 1, "excluded_lines": 0}, "missing_lines": [442], "excluded_lines": []}, "DummySpan.end": {"executed_lines": [], "summary": {"covered_lines": 0, "num_statements": 1, "percent_covered": 0.0, "percent_covered_display": "0.00", "missing_lines": 1, "excluded_lines": 0}, "missing_lines": [446], "excluded_lines": []}, "DummySpan.__enter__": {"executed_lines": [], "summary": {"covered_lines": 0, "num_statements": 1, "percent_covered": 0.0, "percent_covered_display": "0.00", "missing_lines": 1, "excluded_lines": 0}, "missing_lines": [449], "excluded_lines": []}, "DummySpan.__exit__": {"executed_lines": [], "summary": {"covered_lines": 0, "num_statements": 1, "percent_covered": 0.0, "percent_covered_display": "0.00", "missing_lines": 1, "excluded_lines": 0}, "missing_lines": [452], "excluded_lines": []}, "SystemMetricsCollector.__init__": {"executed_lines": [], "summary": {"covered_lines": 0, "num_statements": 9, "percent_covered": 0.0, "percent_covered_display": "0.00", "missing_lines": 9, "excluded_lines": 0}, "missing_lines": [468, 471, 472, 473, 476, 477, 478, 481, 482], "excluded_lines": []}, "SystemMetricsCollector.collect_cpu_metrics": {"executed_lines": [], "summary": {"covered_lines": 0, "num_statements": 9, "percent_covered": 0.0, "percent_covered_display": "0.00", "missing_lines": 9, "excluded_lines": 0}, "missing_lines": [490, 491, 493, 494, 495, 496, 497, 498, 499], "excluded_lines": []}, "SystemMetricsCollector.collect_memory_metrics": {"executed_lines": [], "summary": {"covered_lines": 0, "num_statements": 10, "percent_covered": 0.0, "percent_covered_display": "0.00", "missing_lines": 10, "excluded_lines": 0}, "missing_lines": [507, 508, 510, 511, 512, 513, 514, 515, 516, 517], "excluded_lines": []}, "SystemMetricsCollector.collect_disk_metrics": {"executed_lines": [], "summary": {"covered_lines": 0, "num_statements": 14, "percent_covered": 0.0, "percent_covered_display": "0.00", "missing_lines": 14, "excluded_lines": 0}, "missing_lines": [528, 529, 531, 532, 534, 535, 536, 537, 538, 539, 540, 541, 542, 544], "excluded_lines": []}, "SystemMetricsCollector.collect_gpu_metrics": {"executed_lines": [], "summary": {"covered_lines": 0, "num_statements": 16, "percent_covered": 0.0, "percent_covered_display": "0.00", "missing_lines": 16, "excluded_lines": 0}, "missing_lines": [552, 553, 555, 556, 557, 559, 560, 561, 562, 564, 565, 567, 572, 573, 574, 575], "excluded_lines": []}, "SystemMetricsCollector.collect_all_metrics": {"executed_lines": [], "summary": {"covered_lines": 0, "num_statements": 14, "percent_covered": 0.0, "percent_covered_display": "0.00", "missing_lines": 14, "excluded_lines": 0}, "missing_lines": [586, 589, 590, 591, 594, 595, 596, 599, 600, 601, 604, 605, 606, 608], "excluded_lines": []}, "ApplicationMetrics.__init__": {"executed_lines": [], "summary": {"covered_lines": 0, "num_statements": 13, "percent_covered": 0.0, "percent_covered_display": "0.00", "missing_lines": 13, "excluded_lines": 0}, "missing_lines": [624, 627, 628, 634, 637, 638, 639, 642, 643, 647, 650, 651, 652], "excluded_lines": []}, "ApplicationMetrics.measure_request_latency": {"executed_lines": [], "summary": {"covered_lines": 0, "num_statements": 6, "percent_covered": 0.0, "percent_covered_display": "0.00", "missing_lines": 6, "excluded_lines": 0}, "missing_lines": [664, 665, 666, 668, 669, 670], "excluded_lines": []}, "ApplicationMetrics.record_quota": {"executed_lines": [], "summary": {"covered_lines": 0, "num_statements": 1, "percent_covered": 0.0, "percent_covered_display": "0.00", "missing_lines": 1, "excluded_lines": 0}, "missing_lines": [679], "excluded_lines": []}, "ApplicationMetrics.record_episode_metrics": {"executed_lines": [], "summary": {"covered_lines": 0, "num_statements": 2, "percent_covered": 0.0, "percent_covered_display": "0.00", "missing_lines": 2, "excluded_lines": 0}, "missing_lines": [688, 689], "excluded_lines": []}, "ApplicationMetrics.record_action": {"executed_lines": [], "summary": {"covered_lines": 0, "num_statements": 1, "percent_covered": 0.0, "percent_covered_display": "0.00", "missing_lines": 1, "excluded_lines": 0}, "missing_lines": [697], "excluded_lines": []}, "ApplicationMetrics.record_yolo_metrics": {"executed_lines": [], "summary": {"covered_lines": 0, "num_statements": 2, "percent_covered": 0.0, "percent_covered_display": "0.00", "missing_lines": 2, "excluded_lines": 0}, "missing_lines": [706, 707], "excluded_lines": []}, "ApplicationMetrics.record_detection": {"executed_lines": [], "summary": {"covered_lines": 0, "num_statements": 1, "percent_covered": 0.0, "percent_covered_display": "0.00", "missing_lines": 1, "excluded_lines": 0}, "missing_lines": [715], "excluded_lines": []}, "ApplicationMetrics.record_traffic_metrics": {"executed_lines": [], "summary": {"covered_lines": 0, "num_statements": 3, "percent_covered": 0.0, "percent_covered_display": "0.00", "missing_lines": 3, "excluded_lines": 0}, "missing_lines": [726, 727, 728], "excluded_lines": []}, "create_grafana_dashboard": {"executed_lines": [], "summary": {"covered_lines": 0, "num_statements": 8, "percent_covered": 0.0, "percent_covered_display": "0.00", "missing_lines": 8, "excluded_lines": 0}, "missing_lines": [741, 754, 755, 756, 773, 776, 777, 779], "excluded_lines": []}, "create_default_dashboards": {"executed_lines": [], "summary": {"covered_lines": 0, "num_statements": 10, "percent_covered": 0.0, "percent_covered_display": "0.00", "missing_lines": 10, "excluded_lines": 0}, "missing_lines": [788, 791, 821, 824, 854, 857, 880, 883, 906, 908], "excluded_lines": []}, "": {"executed_lines": [], "summary": {"covered_lines": 0, "num_statements": 86, "percent_covered": 0.0, "percent_covered_display": "0.00", "missing_lines": 86, "excluded_lines": 0}, "missing_lines": [8, 9, 10, 11, 12, 13, 16, 19, 20, 21, 22, 23, 24, 25, 27, 28, 29, 30, 31, 32, 33, 34, 35, 36, 38, 39, 40, 41, 42, 44, 45, 46, 47, 48, 51, 53, 56, 63, 77, 90, 103, 118, 131, 171, 190, 212, 215, 228, 238, 248, 258, 270, 290, 297, 310, 343, 357, 358, 379, 406, 409, 419, 428, 436, 444, 448, 451, 455, 462, 484, 501, 519, 546, 577, 611, 618, 654, 655, 672, 681, 691, 699, 709, 717, 731, 782], "excluded_lines": []}}, "classes": {"MetricsError": {"executed_lines": [], "summary": {"covered_lines": 0, "num_statements": 0, "percent_covered": 100.0, "percent_covered_display": "100.00", "missing_lines": 0, "excluded_lines": 0}, "missing_lines": [], "excluded_lines": []}, "MetricsRegistry": {"executed_lines": [], "summary": {"covered_lines": 0, "num_statements": 41, "percent_covered": 0.0, "percent_covered_display": "0.00", "missing_lines": 41, "excluded_lines": 0}, "missing_lines": [69, 70, 71, 74, 75, 88, 101, 116, 129, 145, 147, 148, 149, 151, 153, 156, 157, 158, 159, 160, 161, 162, 163, 164, 166, 168, 169, 181, 182, 184, 185, 186, 187, 188, 202, 203, 205, 206, 207, 208, 209], "excluded_lines": []}, "DummyMetric": {"executed_lines": [], "summary": {"covered_lines": 0, "num_statements": 21, "percent_covered": 0.0, "percent_covered_display": "0.00", "missing_lines": 21, "excluded_lines": 0}, "missing_lines": [223, 224, 225, 226, 235, 236, 245, 246, 255, 256, 265, 266, 267, 268, 279, 280, 282, 283, 284, 285, 287], "excluded_lines": []}, "TracingManager": {"executed_lines": [], "summary": {"covered_lines": 0, "num_statements": 44, "percent_covered": 0.0, "percent_covered_display": "0.00", "missing_lines": 44, "excluded_lines": 0}, "missing_lines": [303, 304, 307, 308, 319, 320, 322, 324, 325, 328, 329, 330, 331, 334, 337, 339, 340, 341, 352, 353, 355, 368, 370, 371, 373, 374, 375, 376, 377, 389, 390, 391, 392, 393, 394, 395, 396, 397, 398, 399, 400, 401, 402, 403], "excluded_lines": []}, "DummySpan": {"executed_lines": [], "summary": {"covered_lines": 0, "num_statements": 9, "percent_covered": 0.0, "percent_covered_display": "0.00", "missing_lines": 9, "excluded_lines": 0}, "missing_lines": [415, 416, 417, 426, 434, 442, 446, 449, 452], "excluded_lines": []}, "SystemMetricsCollector": {"executed_lines": [], "summary": {"covered_lines": 0, "num_statements": 72, "percent_covered": 0.0, "percent_covered_display": "0.00", "missing_lines": 72, "excluded_lines": 0}, "missing_lines": [468, 471, 472, 473, 476, 477, 478, 481, 482, 490, 491, 493, 494, 495, 496, 497, 498, 499, 507, 508, 510, 511, 512, 513, 514, 515, 516, 517, 528, 529, 531, 532, 534, 535, 536, 537, 538, 539, 540, 541, 542, 544, 552, 553, 555, 556, 557, 559, 560, 561, 562, 564, 565, 567, 572, 573, 574, 575, 586, 589, 590, 591, 594, 595, 596, 599, 600, 601, 604, 605, 606, 608], "excluded_lines": []}, "ApplicationMetrics": {"executed_lines": [], "summary": {"covered_lines": 0, "num_statements": 29, "percent_covered": 0.0, "percent_covered_display": "0.00", "missing_lines": 29, "excluded_lines": 0}, "missing_lines": [624, 627, 628, 634, 637, 638, 639, 642, 643, 647, 650, 651, 652, 664, 665, 666, 668, 669, 670, 679, 688, 689, 697, 706, 707, 715, 726, 727, 728], "excluded_lines": []}, "": {"executed_lines": [], "summary": {"covered_lines": 0, "num_statements": 104, "percent_covered": 0.0, "percent_covered_display": "0.00", "missing_lines": 104, "excluded_lines": 0}, "missing_lines": [8, 9, 10, 11, 12, 13, 16, 19, 20, 21, 22, 23, 24, 25, 27, 28, 29, 30, 31, 32, 33, 34, 35, 36, 38, 39, 40, 41, 42, 44, 45, 46, 47, 48, 51, 53, 56, 63, 77, 90, 103, 118, 131, 171, 190, 212, 215, 228, 238, 248, 258, 270, 290, 297, 310, 343, 357, 358, 379, 406, 409, 419, 428, 436, 444, 448, 451, 455, 462, 484, 501, 519, 546, 577, 611, 618, 654, 655, 672, 681, 691, 699, 709, 717, 731, 741, 754, 755, 756, 773, 776, 777, 779, 782, 788, 791, 821, 824, 854, 857, 880, 883, 906, 908], "excluded_lines": []}}}}, "totals": {"covered_lines": 807, "num_statements": 3525, "percent_covered": 22.893617021276597, "percent_covered_display": "22.89", "missing_lines": 2718, "excluded_lines": 113}}